2011-02-27 07:39:38,727 INFO sites.index Line:354 My Edit here
2011-02-27 09:17:23,116 INFO options.urls Line:270 [<RegexURLPattern sites_site_changelist ^$>, <RegexURLPattern sites_site_add ^add/$>, <RegexURLPattern sites_site_history ^(.+)/history/$>, <RegexURLPattern sites_site_delete ^(.+)/delete/$>, <RegexURLPattern sites_site_change ^(.+)/$>, <RegexURLPattern sites_site_export ^export/$>]
2011-02-27 09:17:23,117 INFO options.urls Line:270 [<RegexURLPattern None ^(\d+)/password/$>, <RegexURLPattern auth_user_changelist ^$>, <RegexURLPattern auth_user_add ^add/$>, <RegexURLPattern auth_user_history ^(.+)/history/$>, <RegexURLPattern auth_user_delete ^(.+)/delete/$>, <RegexURLPattern auth_user_change ^(.+)/$>, <RegexURLPattern auth_user_export ^export/$>]
2011-02-27 09:17:23,119 INFO options.urls Line:270 [<RegexURLPattern auth_group_changelist ^$>, <RegexURLPattern auth_group_add ^add/$>, <RegexURLPattern auth_group_history ^(.+)/history/$>, <RegexURLPattern auth_group_delete ^(.+)/delete/$>, <RegexURLPattern auth_group_change ^(.+)/$>, <RegexURLPattern auth_group_export ^export/$>]
2011-02-27 09:18:29,695 INFO options.urls Line:270 [<RegexURLPattern sites_site_changelist ^$>, <RegexURLPattern sites_site_add ^add/$>, <RegexURLPattern sites_site_history ^(.+)/history/$>, <RegexURLPattern sites_site_delete ^(.+)/delete/$>, <RegexURLPattern sites_site_change ^(.+)/$>, <RegexURLPattern sites_site_myexport ^myexport/$>]
2011-02-27 09:18:29,696 INFO options.urls Line:270 [<RegexURLPattern None ^(\d+)/password/$>, <RegexURLPattern auth_user_changelist ^$>, <RegexURLPattern auth_user_add ^add/$>, <RegexURLPattern auth_user_history ^(.+)/history/$>, <RegexURLPattern auth_user_delete ^(.+)/delete/$>, <RegexURLPattern auth_user_change ^(.+)/$>, <RegexURLPattern auth_user_myexport ^myexport/$>]
2011-02-27 09:18:29,698 INFO options.urls Line:270 [<RegexURLPattern auth_group_changelist ^$>, <RegexURLPattern auth_group_add ^add/$>, <RegexURLPattern auth_group_history ^(.+)/history/$>, <RegexURLPattern auth_group_delete ^(.+)/delete/$>, <RegexURLPattern auth_group_change ^(.+)/$>, <RegexURLPattern auth_group_myexport ^myexport/$>]
2011-02-27 09:21:57,900 INFO options.export Line:778 [<User: tower>]
2011-02-27 09:36:10,314 INFO options.export Line:790 ['_message_set', 'date_joined', 'email', 'first_name', 'groups', 'id', 'is_active', 'is_staff', 'is_superuser', 'last_login', 'last_name', 'logentry', 'password', 'user_permissions', 'username']
2011-02-27 09:45:43,872 INFO options.export Line:794 ['_message_set', 'date_joined', 'email', 'first_name', 'groups', 'id', 'is_active', 'is_staff', 'is_superuser', 'last_login', 'last_name', 'logentry', 'password', 'user_permissions', 'username']
2011-02-27 09:46:15,433 INFO options.export Line:791 0
2011-02-27 09:46:15,434 INFO options.export Line:795 ['_message_set', 'date_joined', 'email', 'first_name', 'groups', 'id', 'is_active', 'is_staff', 'is_superuser', 'last_login', 'last_name', 'logentry', 'password', 'user_permissions', 'username']
2011-02-27 09:53:11,847 INFO options.export Line:793 ['_message_set', 'date_joined', 'email', 'first_name', 'groups', 'id', 'is_active', 'is_staff', 'is_superuser', 'last_login', 'last_name', 'password', 'user_permissions', 'username']
2011-02-27 09:53:11,854 INFO options.export Line:797 [<django.db.models.fields.related.RelatedManager object at 0xa600fcc>, datetime.datetime(2011, 2, 27, 7, 32, 9, 743767), u'zhutao@halfquest.com', u'', <django.db.models.fields.related.ManyRelatedManager object at 0xa60232c>, 1, True, True, True, datetime.datetime(2011, 2, 27, 7, 35, 29, 705093), u'', u'sha1$cddcc$dc1a361998cdbfe0bb15dad7cf448f4b4891cda1', <django.db.models.fields.related.ManyRelatedManager object at 0xa6024ec>, u'tower']
2011-02-27 09:55:56,501 INFO options.export Line:793 ['_message_set', 'date_joined', 'email', 'first_name', 'groups', 'id', 'is_active', 'is_staff', 'is_superuser', 'last_login', 'last_name', 'password', 'user_permissions', 'username']
2011-02-27 09:55:56,508 INFO options.export Line:797 ['<django.db.models.fields.related.RelatedManager object at 0x92d2fcc>', '2011-02-27 07:32:09.743767', 'zhutao@halfquest.com', '', '<django.db.models.fields.related.ManyRelatedManager object at 0x92d53cc>', '1', 'True', 'True', 'True', '2011-02-27 07:35:29.705093', '', 'sha1$cddcc$dc1a361998cdbfe0bb15dad7cf448f4b4891cda1', '<django.db.models.fields.related.ManyRelatedManager object at 0x92d554c>', 'tower']
2011-02-27 09:56:08,653 INFO options.export Line:793 ['_message_set', 'date_joined', 'email', 'first_name', 'groups', 'id', 'is_active', 'is_staff', 'is_superuser', 'last_login', 'last_name', 'password', 'user_permissions', 'username']
2011-02-27 09:56:08,660 INFO options.export Line:797 ['<django.db.models.fields.related.RelatedManager object at 0x9e03fcc>', '2011-02-27 07:32:09.743767', 'zhutao@halfquest.com', '', '<django.db.models.fields.related.ManyRelatedManager object at 0x9e073cc>', '1', 'True', 'True', 'True', '2011-02-27 07:35:29.705093', '', 'sha1$cddcc$dc1a361998cdbfe0bb15dad7cf448f4b4891cda1', '<django.db.models.fields.related.ManyRelatedManager object at 0x9e0754c>', 'tower']
2011-02-27 09:56:33,400 INFO options.export Line:793 ['_message_set', 'date_joined', 'email', 'first_name', 'groups', 'id', 'is_active', 'is_staff', 'is_superuser', 'last_login', 'last_name', 'password', 'user_permissions', 'username']
2011-02-27 09:56:33,407 INFO options.export Line:797 ['<django.db.models.fields.related.RelatedManager object at 0x8c51e8c>', '2011-02-27 07:32:09.743767', 'zhutao@halfquest.com', '', '<django.db.models.fields.related.ManyRelatedManager object at 0x8c5446c>', '1', 'True', 'True', 'True', '2011-02-27 07:35:29.705093', '', 'sha1$cddcc$dc1a361998cdbfe0bb15dad7cf448f4b4891cda1', '<django.db.models.fields.related.ManyRelatedManager object at 0x8c5458c>', 'tower']
2011-02-27 09:56:59,485 INFO options.export Line:793 ['_message_set', 'date_joined', 'email', 'first_name', 'groups', 'id', 'is_active', 'is_staff', 'is_superuser', 'last_login', 'last_name', 'password', 'user_permissions', 'username']
2011-02-27 09:56:59,492 INFO options.export Line:797 ['"<django.db.models.fields.related.RelatedManager object at 0x9a14f8c>"', '"2011-02-27 07:32:09.743767"', '"zhutao@halfquest.com"', '""', '"<django.db.models.fields.related.ManyRelatedManager object at 0x9a162ac>"', '"1"', '"True"', '"True"', '"True"', '"2011-02-27 07:35:29.705093"', '""', '"sha1$cddcc$dc1a361998cdbfe0bb15dad7cf448f4b4891cda1"', '"<django.db.models.fields.related.ManyRelatedManager object at 0x9a1648c>"', '"tower"']
2011-02-27 10:28:12,140 INFO sites.index Line:354 My Edit here
2011-02-27 10:28:18,816 INFO options.export Line:794 ['domain', 'id', 'name']
2011-02-27 10:28:18,822 INFO options.export Line:799 ['"example.com"', '"1"', '"example.com"']
2011-02-27 10:44:41,630 INFO options.aggregate Line:813 <QueryDict: {}>
2011-02-27 10:44:55,260 INFO options.aggregate Line:813 <QueryDict: {}>
2011-02-27 10:45:20,777 INFO options.aggregate Line:813 <QueryDict: {}>
2011-02-27 10:45:36,318 INFO options.aggregate Line:813 <QueryDict: {u'action': [u'sum'], u'field': [u'domain'], u'csrfmiddlewaretoken': [u'85505bba85f9359878a2d5d48c2acc41'], u'start_id': [u''], u'end_id': [u'']}>
2011-02-27 10:46:12,213 INFO options.aggregate Line:813 <QueryDict: {u'action': [u'sum'], u'field': [u'domain'], u'csrfmiddlewaretoken': [u'85505bba85f9359878a2d5d48c2acc41'], u'start_id': [u''], u'end_id': [u'']}>
2011-02-27 10:46:12,214 INFO options.aggregate Line:816 False
2011-02-27 10:46:51,573 INFO options.aggregate Line:813 <QueryDict: {u'action': [u'sum'], u'field': [u'domain'], u'csrfmiddlewaretoken': [u'85505bba85f9359878a2d5d48c2acc41'], u'start_id': [u''], u'end_id': [u'']}>
2011-02-27 10:46:51,573 INFO options.aggregate Line:816 
2011-02-27 10:46:51,573 INFO options.aggregate Line:817 False
2011-02-27 10:47:38,450 INFO options.aggregate Line:813 <QueryDict: {u'action': [u'sum'], u'field': [u'domain'], u'csrfmiddlewaretoken': [u'85505bba85f9359878a2d5d48c2acc41'], u'start_id': [u''], u'end_id': [u'']}>
2011-02-27 10:47:38,450 INFO options.aggregate Line:816 
2011-02-27 10:47:38,451 INFO options.aggregate Line:817 True
2011-02-27 10:48:31,447 INFO options.aggregate Line:813 <QueryDict: {u'action': [u'sum'], u'field': [u'domain'], u'csrfmiddlewaretoken': [u'85505bba85f9359878a2d5d48c2acc41'], u'start_id': [u''], u'end_id': [u'']}>
2011-02-27 10:48:31,447 INFO options.aggregate Line:816 
2011-02-27 10:48:31,448 INFO options.aggregate Line:817 True
2011-02-27 10:48:38,203 INFO options.aggregate Line:813 <QueryDict: {u'action': [u'sum'], u'field': [u'id'], u'csrfmiddlewaretoken': [u'85505bba85f9359878a2d5d48c2acc41'], u'start_id': [u''], u'end_id': [u'']}>
2011-02-27 10:48:38,204 INFO options.aggregate Line:816 
2011-02-27 10:48:38,204 INFO options.aggregate Line:817 True
2011-02-27 10:48:48,878 INFO options.aggregate Line:813 <QueryDict: {u'action': [u'sum'], u'field': [u'id'], u'csrfmiddlewaretoken': [u'85505bba85f9359878a2d5d48c2acc41'], u'start_id': [u''], u'end_id': [u'']}>
2011-02-27 10:48:48,878 INFO options.aggregate Line:816 
2011-02-27 10:48:48,879 INFO options.aggregate Line:817 True
2011-02-27 10:52:59,160 INFO options.aggregate Line:813 <QueryDict: {u'action': [u'sum'], u'field': [u'id'], u'csrfmiddlewaretoken': [u'85505bba85f9359878a2d5d48c2acc41'], u'start_id': [u''], u'end_id': [u'']}>
2011-02-27 10:52:59,160 INFO options.aggregate Line:816 
2011-02-27 10:52:59,160 INFO options.aggregate Line:817 True
2011-02-27 10:52:59,161 INFO options.aggregate Line:824 id
2011-02-27 10:54:03,388 INFO options.aggregate Line:813 <QueryDict: {u'action': [u'sum'], u'field': [u'id'], u'csrfmiddlewaretoken': [u'85505bba85f9359878a2d5d48c2acc41'], u'start_id': [u''], u'end_id': [u'']}>
2011-02-27 10:54:03,388 INFO options.aggregate Line:816 
2011-02-27 10:54:03,388 INFO options.aggregate Line:817 True
2011-02-27 10:54:03,389 INFO options.aggregate Line:824 id
2011-02-27 10:55:30,570 INFO options.aggregate Line:813 <QueryDict: {}>
2011-02-27 10:55:30,570 INFO options.aggregate Line:816 None
2011-02-27 10:55:30,570 INFO options.aggregate Line:817 True
2011-02-27 10:55:30,571 INFO options.aggregate Line:824 None
2011-02-27 10:55:36,609 INFO options.aggregate Line:813 <QueryDict: {u'action': [u'sum'], u'field': [u'id'], u'csrfmiddlewaretoken': [u'85505bba85f9359878a2d5d48c2acc41'], u'start_id': [u''], u'end_id': [u'']}>
2011-02-27 10:55:36,610 INFO options.aggregate Line:816 
2011-02-27 10:55:36,610 INFO options.aggregate Line:817 True
2011-02-27 10:55:36,610 INFO options.aggregate Line:824 id
2011-02-27 10:55:59,259 INFO options.aggregate Line:813 <QueryDict: {u'action': [u'sum'], u'field': [u'id'], u'csrfmiddlewaretoken': [u'85505bba85f9359878a2d5d48c2acc41'], u'start_id': [u''], u'end_id': [u'']}>
2011-02-27 10:55:59,259 INFO options.aggregate Line:816 
2011-02-27 10:55:59,260 INFO options.aggregate Line:817 True
2011-02-27 10:55:59,260 INFO options.aggregate Line:824 id
2011-02-27 10:56:13,495 INFO options.aggregate Line:813 <QueryDict: {u'action': [u'avg'], u'field': [u'id'], u'csrfmiddlewaretoken': [u'85505bba85f9359878a2d5d48c2acc41'], u'start_id': [u''], u'end_id': [u'']}>
2011-02-27 10:56:13,496 INFO options.aggregate Line:816 
2011-02-27 10:56:13,496 INFO options.aggregate Line:817 True
2011-02-27 10:56:13,496 INFO options.aggregate Line:824 id
2011-02-27 10:56:20,943 INFO options.aggregate Line:813 <QueryDict: {u'action': [u'avg'], u'field': [u'domain'], u'csrfmiddlewaretoken': [u'85505bba85f9359878a2d5d48c2acc41'], u'start_id': [u''], u'end_id': [u'']}>
2011-02-27 10:56:20,944 INFO options.aggregate Line:816 
2011-02-27 10:56:20,944 INFO options.aggregate Line:817 True
2011-02-27 10:56:20,944 INFO options.aggregate Line:824 domain
2011-02-27 10:56:27,211 INFO options.aggregate Line:813 <QueryDict: {u'action': [u'avg'], u'field': [u'name'], u'csrfmiddlewaretoken': [u'85505bba85f9359878a2d5d48c2acc41'], u'start_id': [u''], u'end_id': [u'']}>
2011-02-27 10:56:27,211 INFO options.aggregate Line:816 
2011-02-27 10:56:27,211 INFO options.aggregate Line:817 True
2011-02-27 10:56:27,212 INFO options.aggregate Line:824 name
2011-02-27 11:04:52,870 INFO sites.index Line:354 My Edit here
2011-02-27 11:06:13,505 INFO options.aggregate Line:813 <QueryDict: {u'action': [u'sum'], u'field': [u'id'], u'csrfmiddlewaretoken': [u'85505bba85f9359878a2d5d48c2acc41'], u'start_id': [u''], u'end_id': [u'']}>
2011-02-27 11:06:13,506 INFO options.aggregate Line:816 
2011-02-27 11:06:13,506 INFO options.aggregate Line:817 True
2011-02-27 11:06:13,506 INFO options.aggregate Line:824 id
2011-02-27 11:06:25,310 INFO options.aggregate Line:813 <QueryDict: {u'action': [u'sum'], u'field': [u'id'], u'csrfmiddlewaretoken': [u'85505bba85f9359878a2d5d48c2acc41'], u'start_id': [u'1'], u'end_id': [u'100']}>
2011-02-27 11:06:25,310 INFO options.aggregate Line:816 1
2011-02-27 11:06:25,310 INFO options.aggregate Line:817 False
2011-02-27 11:06:25,311 INFO options.aggregate Line:824 id
2011-02-27 11:06:49,671 INFO options.aggregate Line:813 <QueryDict: {u'action': [u'sum'], u'field': [u'salary'], u'csrfmiddlewaretoken': [u'85505bba85f9359878a2d5d48c2acc41'], u'start_id': [u'1'], u'end_id': [u'10']}>
2011-02-27 11:06:49,671 INFO options.aggregate Line:816 1
2011-02-27 11:06:49,671 INFO options.aggregate Line:817 False
2011-02-27 11:06:49,672 INFO options.aggregate Line:824 salary
2011-02-27 11:06:55,621 INFO options.aggregate Line:813 <QueryDict: {u'action': [u'avg'], u'field': [u'salary'], u'csrfmiddlewaretoken': [u'85505bba85f9359878a2d5d48c2acc41'], u'start_id': [u'1'], u'end_id': [u'10']}>
2011-02-27 11:06:55,622 INFO options.aggregate Line:816 1
2011-02-27 11:06:55,622 INFO options.aggregate Line:817 False
2011-02-27 11:06:55,623 INFO options.aggregate Line:824 salary
2011-02-27 11:07:07,323 INFO options.export Line:797 ['id', 'month', 'salary']
2011-02-27 11:07:07,341 INFO options.export Line:802 ['"1"', '"02"', '"23188.0"']
2011-02-27 11:07:07,341 INFO options.export Line:802 ['"2"', '"02"', '"19516.0"']
2011-02-27 11:07:07,342 INFO options.export Line:802 ['"3"', '"02"', '"2442.0"']
2011-02-27 11:07:07,342 INFO options.export Line:802 ['"4"', '"02"', '"30296.0"']
2011-02-27 11:07:07,342 INFO options.export Line:802 ['"5"', '"02"', '"27650.0"']
2011-02-27 11:07:07,343 INFO options.export Line:802 ['"6"', '"02"', '"39521.0"']
2011-02-27 11:07:07,343 INFO options.export Line:802 ['"7"', '"02"', '"31416.0"']
2011-02-27 11:07:07,343 INFO options.export Line:802 ['"8"', '"02"', '"15160.0"']
2011-02-27 11:07:07,344 INFO options.export Line:802 ['"9"', '"02"', '"24574.0"']
2011-02-27 11:07:07,344 INFO options.export Line:802 ['"10"', '"02"', '"5374.0"']
2011-02-27 11:07:07,344 INFO options.export Line:802 ['"11"', '"02"', '"46057.0"']
2011-02-27 11:07:07,344 INFO options.export Line:802 ['"12"', '"02"', '"24797.0"']
2011-02-27 11:07:07,345 INFO options.export Line:802 ['"13"', '"02"', '"8210.0"']
2011-02-27 11:07:07,345 INFO options.export Line:802 ['"14"', '"02"', '"7917.0"']
2011-02-27 11:07:07,345 INFO options.export Line:802 ['"15"', '"02"', '"14047.0"']
2011-02-27 11:07:07,346 INFO options.export Line:802 ['"16"', '"02"', '"48190.0"']
2011-02-27 11:07:07,346 INFO options.export Line:802 ['"17"', '"02"', '"45283.0"']
2011-02-27 11:07:07,346 INFO options.export Line:802 ['"18"', '"02"', '"23613.0"']
2011-02-27 11:07:07,347 INFO options.export Line:802 ['"19"', '"02"', '"45488.0"']
2011-02-27 11:07:07,347 INFO options.export Line:802 ['"20"', '"02"', '"25202.0"']
2011-02-27 11:07:07,347 INFO options.export Line:802 ['"21"', '"02"', '"37372.0"']
2011-02-27 11:07:07,348 INFO options.export Line:802 ['"22"', '"02"', '"27390.0"']
2011-02-27 11:07:07,348 INFO options.export Line:802 ['"23"', '"02"', '"30279.0"']
2011-02-27 11:07:07,348 INFO options.export Line:802 ['"24"', '"02"', '"41948.0"']
2011-02-27 11:07:07,349 INFO options.export Line:802 ['"25"', '"02"', '"34585.0"']
2011-02-27 11:07:07,349 INFO options.export Line:802 ['"26"', '"02"', '"17346.0"']
2011-02-27 11:07:07,349 INFO options.export Line:802 ['"27"', '"02"', '"35150.0"']
2011-02-27 11:07:07,349 INFO options.export Line:802 ['"28"', '"02"', '"28917.0"']
2011-02-27 11:07:07,349 INFO options.export Line:802 ['"29"', '"02"', '"43455.0"']
2011-02-27 11:07:07,350 INFO options.export Line:802 ['"30"', '"02"', '"46241.0"']
2011-02-27 11:07:07,350 INFO options.export Line:802 ['"31"', '"02"', '"23701.0"']
2011-02-27 11:07:07,350 INFO options.export Line:802 ['"32"', '"02"', '"45671.0"']
2011-02-27 11:07:07,351 INFO options.export Line:802 ['"33"', '"02"', '"8872.0"']
2011-02-27 11:07:07,351 INFO options.export Line:802 ['"34"', '"02"', '"34934.0"']
2011-02-27 11:07:07,352 INFO options.export Line:802 ['"35"', '"02"', '"39328.0"']
2011-02-27 11:07:07,352 INFO options.export Line:802 ['"36"', '"02"', '"13271.0"']
2011-02-27 11:07:07,352 INFO options.export Line:802 ['"37"', '"02"', '"23688.0"']
2011-02-27 11:07:07,352 INFO options.export Line:802 ['"38"', '"02"', '"19370.0"']
2011-02-27 11:07:07,352 INFO options.export Line:802 ['"39"', '"02"', '"16017.0"']
2011-02-27 11:07:07,353 INFO options.export Line:802 ['"40"', '"02"', '"25593.0"']
2011-02-27 11:07:07,353 INFO options.export Line:802 ['"41"', '"02"', '"47059.0"']
2011-02-27 11:07:07,353 INFO options.export Line:802 ['"42"', '"02"', '"47420.0"']
2011-02-27 11:07:07,353 INFO options.export Line:802 ['"43"', '"02"', '"31859.0"']
2011-02-27 11:07:07,354 INFO options.export Line:802 ['"44"', '"02"', '"20961.0"']
2011-02-27 11:07:07,354 INFO options.export Line:802 ['"45"', '"02"', '"13611.0"']
2011-02-27 11:07:07,354 INFO options.export Line:802 ['"46"', '"02"', '"47600.0"']
2011-02-27 11:07:07,354 INFO options.export Line:802 ['"47"', '"02"', '"39981.0"']
2011-02-27 11:07:07,354 INFO options.export Line:802 ['"48"', '"02"', '"31217.0"']
2011-02-27 11:07:07,355 INFO options.export Line:802 ['"49"', '"02"', '"49867.0"']
2011-02-27 11:07:07,355 INFO options.export Line:802 ['"50"', '"02"', '"41990.0"']
2011-02-27 11:07:07,355 INFO options.export Line:802 ['"51"', '"02"', '"45359.0"']
2011-02-27 11:07:07,355 INFO options.export Line:802 ['"52"', '"02"', '"26355.0"']
2011-02-27 11:07:07,356 INFO options.export Line:802 ['"53"', '"02"', '"45896.0"']
2011-02-27 11:07:07,356 INFO options.export Line:802 ['"54"', '"02"', '"41673.0"']
2011-02-27 11:07:07,356 INFO options.export Line:802 ['"55"', '"02"', '"23499.0"']
2011-02-27 11:07:07,356 INFO options.export Line:802 ['"56"', '"02"', '"3177.0"']
2011-02-27 11:07:07,356 INFO options.export Line:802 ['"57"', '"02"', '"2996.0"']
2011-02-27 11:07:07,357 INFO options.export Line:802 ['"58"', '"02"', '"33450.0"']
2011-02-27 11:07:07,357 INFO options.export Line:802 ['"59"', '"02"', '"31062.0"']
2011-02-27 11:07:07,357 INFO options.export Line:802 ['"60"', '"02"', '"3613.0"']
2011-02-27 11:07:07,357 INFO options.export Line:802 ['"61"', '"02"', '"38496.0"']
2011-02-27 11:07:07,357 INFO options.export Line:802 ['"62"', '"02"', '"46572.0"']
2011-02-27 11:07:07,358 INFO options.export Line:802 ['"63"', '"02"', '"14323.0"']
2011-02-27 11:07:07,358 INFO options.export Line:802 ['"64"', '"02"', '"22811.0"']
2011-02-27 11:07:07,358 INFO options.export Line:802 ['"65"', '"02"', '"20321.0"']
2011-02-27 11:07:07,358 INFO options.export Line:802 ['"66"', '"02"', '"25666.0"']
2011-02-27 11:07:07,359 INFO options.export Line:802 ['"67"', '"02"', '"14172.0"']
2011-02-27 11:07:07,359 INFO options.export Line:802 ['"68"', '"02"', '"15524.0"']
2011-02-27 11:07:07,360 INFO options.export Line:802 ['"69"', '"02"', '"41140.0"']
2011-02-27 11:07:07,360 INFO options.export Line:802 ['"70"', '"02"', '"38047.0"']
2011-02-27 11:07:07,360 INFO options.export Line:802 ['"71"', '"02"', '"47722.0"']
2011-02-27 11:07:07,360 INFO options.export Line:802 ['"72"', '"02"', '"15031.0"']
2011-02-27 11:07:07,361 INFO options.export Line:802 ['"73"', '"02"', '"5414.0"']
2011-02-27 11:07:07,361 INFO options.export Line:802 ['"74"', '"02"', '"2926.0"']
2011-02-27 11:07:07,361 INFO options.export Line:802 ['"75"', '"02"', '"10242.0"']
2011-02-27 11:07:07,361 INFO options.export Line:802 ['"76"', '"02"', '"13622.0"']
2011-02-27 11:07:07,361 INFO options.export Line:802 ['"77"', '"02"', '"40748.0"']
2011-02-27 11:07:07,362 INFO options.export Line:802 ['"78"', '"02"', '"14400.0"']
2011-02-27 11:07:07,362 INFO options.export Line:802 ['"79"', '"02"', '"3216.0"']
2011-02-27 11:07:07,362 INFO options.export Line:802 ['"80"', '"02"', '"28423.0"']
2011-02-27 11:07:07,362 INFO options.export Line:802 ['"81"', '"02"', '"22733.0"']
2011-02-27 11:07:07,363 INFO options.export Line:802 ['"82"', '"02"', '"33103.0"']
2011-02-27 11:07:07,363 INFO options.export Line:802 ['"83"', '"02"', '"26359.0"']
2011-02-27 11:07:07,363 INFO options.export Line:802 ['"84"', '"02"', '"20757.0"']
2011-02-27 11:07:07,363 INFO options.export Line:802 ['"85"', '"02"', '"38203.0"']
2011-02-27 11:07:07,363 INFO options.export Line:802 ['"86"', '"02"', '"43019.0"']
2011-02-27 11:07:07,364 INFO options.export Line:802 ['"87"', '"02"', '"31156.0"']
2011-02-27 11:07:07,364 INFO options.export Line:802 ['"88"', '"02"', '"45158.0"']
2011-02-27 11:07:07,364 INFO options.export Line:802 ['"89"', '"02"', '"11910.0"']
2011-02-27 11:07:07,364 INFO options.export Line:802 ['"90"', '"02"', '"3079.0"']
2011-02-27 11:07:07,365 INFO options.export Line:802 ['"91"', '"02"', '"27604.0"']
2011-02-27 11:07:07,365 INFO options.export Line:802 ['"92"', '"02"', '"10002.0"']
2011-02-27 11:07:07,365 INFO options.export Line:802 ['"93"', '"02"', '"4385.0"']
2011-02-27 11:07:07,365 INFO options.export Line:802 ['"94"', '"02"', '"22935.0"']
2011-02-27 11:07:07,366 INFO options.export Line:802 ['"95"', '"02"', '"21425.0"']
2011-02-27 11:07:07,366 INFO options.export Line:802 ['"96"', '"02"', '"14382.0"']
2011-02-27 11:07:07,366 INFO options.export Line:802 ['"97"', '"02"', '"15763.0"']
2011-02-27 11:07:07,367 INFO options.export Line:802 ['"98"', '"02"', '"31396.0"']
2011-02-27 11:07:07,367 INFO options.export Line:802 ['"99"', '"02"', '"2108.0"']
2011-02-27 11:07:07,367 INFO options.export Line:802 ['"100"', '"02"', '"38244.0"']
2011-02-27 11:07:07,370 INFO options.export Line:802 ['"101"', '"02"', '"20049.0"']
2011-02-27 11:07:07,371 INFO options.export Line:802 ['"102"', '"02"', '"2498.0"']
2011-02-27 11:07:07,371 INFO options.export Line:802 ['"103"', '"02"', '"42907.0"']
2011-02-27 11:07:07,371 INFO options.export Line:802 ['"104"', '"02"', '"17134.0"']
2011-02-27 11:07:07,371 INFO options.export Line:802 ['"105"', '"02"', '"30065.0"']
2011-02-27 11:07:07,372 INFO options.export Line:802 ['"106"', '"02"', '"31625.0"']
2011-02-27 11:07:07,372 INFO options.export Line:802 ['"107"', '"02"', '"31475.0"']
2011-02-27 11:07:07,372 INFO options.export Line:802 ['"108"', '"02"', '"43508.0"']
2011-02-27 11:07:07,372 INFO options.export Line:802 ['"109"', '"02"', '"24278.0"']
2011-02-27 11:07:07,372 INFO options.export Line:802 ['"110"', '"02"', '"32526.0"']
2011-02-27 11:07:07,373 INFO options.export Line:802 ['"111"', '"02"', '"16873.0"']
2011-02-27 11:07:07,373 INFO options.export Line:802 ['"112"', '"02"', '"40196.0"']
2011-02-27 11:07:07,373 INFO options.export Line:802 ['"113"', '"02"', '"46992.0"']
2011-02-27 11:07:07,373 INFO options.export Line:802 ['"114"', '"02"', '"11418.0"']
2011-02-27 11:07:07,373 INFO options.export Line:802 ['"115"', '"02"', '"23224.0"']
2011-02-27 11:07:07,374 INFO options.export Line:802 ['"116"', '"02"', '"49383.0"']
2011-02-27 11:07:07,374 INFO options.export Line:802 ['"117"', '"02"', '"20131.0"']
2011-02-27 11:07:07,374 INFO options.export Line:802 ['"118"', '"02"', '"21854.0"']
2011-02-27 11:07:07,375 INFO options.export Line:802 ['"119"', '"02"', '"2962.0"']
2011-02-27 11:07:07,375 INFO options.export Line:802 ['"120"', '"02"', '"16145.0"']
2011-02-27 11:07:07,376 INFO options.export Line:802 ['"121"', '"02"', '"27685.0"']
2011-02-27 11:07:07,376 INFO options.export Line:802 ['"122"', '"02"', '"35361.0"']
2011-02-27 11:07:07,376 INFO options.export Line:802 ['"123"', '"02"', '"6257.0"']
2011-02-27 11:07:07,376 INFO options.export Line:802 ['"124"', '"02"', '"38024.0"']
2011-02-27 11:07:07,377 INFO options.export Line:802 ['"125"', '"02"', '"15554.0"']
2011-02-27 11:07:07,377 INFO options.export Line:802 ['"126"', '"02"', '"39989.0"']
2011-02-27 11:07:07,377 INFO options.export Line:802 ['"127"', '"02"', '"30625.0"']
2011-02-27 11:07:07,377 INFO options.export Line:802 ['"128"', '"02"', '"25891.0"']
2011-02-27 11:07:07,378 INFO options.export Line:802 ['"129"', '"02"', '"9109.0"']
2011-02-27 11:07:07,378 INFO options.export Line:802 ['"130"', '"02"', '"26770.0"']
2011-02-27 11:07:07,378 INFO options.export Line:802 ['"131"', '"02"', '"39803.0"']
2011-02-27 11:07:07,379 INFO options.export Line:802 ['"132"', '"02"', '"28912.0"']
2011-02-27 11:07:07,379 INFO options.export Line:802 ['"133"', '"02"', '"23280.0"']
2011-02-27 11:07:07,379 INFO options.export Line:802 ['"134"', '"02"', '"25203.0"']
2011-02-27 11:07:07,380 INFO options.export Line:802 ['"135"', '"02"', '"12408.0"']
2011-02-27 11:07:07,380 INFO options.export Line:802 ['"136"', '"02"', '"36679.0"']
2011-02-27 11:07:07,380 INFO options.export Line:802 ['"137"', '"02"', '"42722.0"']
2011-02-27 11:07:07,380 INFO options.export Line:802 ['"138"', '"02"', '"12103.0"']
2011-02-27 11:07:07,381 INFO options.export Line:802 ['"139"', '"02"', '"38476.0"']
2011-02-27 11:07:07,381 INFO options.export Line:802 ['"140"', '"02"', '"35636.0"']
2011-02-27 11:07:07,381 INFO options.export Line:802 ['"141"', '"02"', '"11976.0"']
2011-02-27 11:07:07,381 INFO options.export Line:802 ['"142"', '"02"', '"5817.0"']
2011-02-27 11:07:07,382 INFO options.export Line:802 ['"143"', '"02"', '"14468.0"']
2011-02-27 11:07:07,382 INFO options.export Line:802 ['"144"', '"02"', '"37567.0"']
2011-02-27 11:07:07,382 INFO options.export Line:802 ['"145"', '"02"', '"36738.0"']
2011-02-27 11:07:07,383 INFO options.export Line:802 ['"146"', '"02"', '"18496.0"']
2011-02-27 11:07:07,383 INFO options.export Line:802 ['"147"', '"02"', '"3537.0"']
2011-02-27 11:07:07,383 INFO options.export Line:802 ['"148"', '"02"', '"32384.0"']
2011-02-27 11:07:07,384 INFO options.export Line:802 ['"149"', '"02"', '"30060.0"']
2011-02-27 11:07:07,384 INFO options.export Line:802 ['"150"', '"02"', '"49032.0"']
2011-02-27 11:07:07,384 INFO options.export Line:802 ['"151"', '"02"', '"33267.0"']
2011-02-27 11:07:07,384 INFO options.export Line:802 ['"152"', '"02"', '"33255.0"']
2011-02-27 11:07:07,385 INFO options.export Line:802 ['"153"', '"02"', '"17270.0"']
2011-02-27 11:07:07,385 INFO options.export Line:802 ['"154"', '"02"', '"32939.0"']
2011-02-27 11:07:07,385 INFO options.export Line:802 ['"155"', '"02"', '"49747.0"']
2011-02-27 11:07:07,386 INFO options.export Line:802 ['"156"', '"02"', '"29819.0"']
2011-02-27 11:07:07,386 INFO options.export Line:802 ['"157"', '"02"', '"42460.0"']
2011-02-27 11:07:07,386 INFO options.export Line:802 ['"158"', '"02"', '"32766.0"']
2011-02-27 11:07:07,386 INFO options.export Line:802 ['"159"', '"02"', '"39678.0"']
2011-02-27 11:07:07,387 INFO options.export Line:802 ['"160"', '"02"', '"21331.0"']
2011-02-27 11:07:07,387 INFO options.export Line:802 ['"161"', '"02"', '"19536.0"']
2011-02-27 11:07:07,387 INFO options.export Line:802 ['"162"', '"02"', '"34519.0"']
2011-02-27 11:07:07,388 INFO options.export Line:802 ['"163"', '"02"', '"5119.0"']
2011-02-27 11:07:07,388 INFO options.export Line:802 ['"164"', '"02"', '"28796.0"']
2011-02-27 11:07:07,388 INFO options.export Line:802 ['"165"', '"02"', '"5506.0"']
2011-02-27 11:07:07,388 INFO options.export Line:802 ['"166"', '"02"', '"4742.0"']
2011-02-27 11:07:07,389 INFO options.export Line:802 ['"167"', '"02"', '"26862.0"']
2011-02-27 11:07:07,389 INFO options.export Line:802 ['"168"', '"02"', '"9592.0"']
2011-02-27 11:07:07,389 INFO options.export Line:802 ['"169"', '"02"', '"18737.0"']
2011-02-27 11:07:07,390 INFO options.export Line:802 ['"170"', '"02"', '"31926.0"']
2011-02-27 11:07:07,390 INFO options.export Line:802 ['"171"', '"02"', '"19637.0"']
2011-02-27 11:07:07,390 INFO options.export Line:802 ['"172"', '"02"', '"49205.0"']
2011-02-27 11:07:07,390 INFO options.export Line:802 ['"173"', '"02"', '"42481.0"']
2011-02-27 11:07:07,391 INFO options.export Line:802 ['"174"', '"02"', '"4602.0"']
2011-02-27 11:07:07,391 INFO options.export Line:802 ['"175"', '"02"', '"36672.0"']
2011-02-27 11:07:07,392 INFO options.export Line:802 ['"176"', '"02"', '"42355.0"']
2011-02-27 11:07:07,392 INFO options.export Line:802 ['"177"', '"02"', '"2236.0"']
2011-02-27 11:07:07,392 INFO options.export Line:802 ['"178"', '"02"', '"30311.0"']
2011-02-27 11:07:07,393 INFO options.export Line:802 ['"179"', '"02"', '"32574.0"']
2011-02-27 11:07:07,393 INFO options.export Line:802 ['"180"', '"02"', '"12609.0"']
2011-02-27 11:07:07,393 INFO options.export Line:802 ['"181"', '"02"', '"6603.0"']
2011-02-27 11:07:07,394 INFO options.export Line:802 ['"182"', '"02"', '"20291.0"']
2011-02-27 11:07:07,394 INFO options.export Line:802 ['"183"', '"02"', '"49034.0"']
2011-02-27 11:07:07,394 INFO options.export Line:802 ['"184"', '"02"', '"18497.0"']
2011-02-27 11:07:07,395 INFO options.export Line:802 ['"185"', '"02"', '"22800.0"']
2011-02-27 11:07:07,395 INFO options.export Line:802 ['"186"', '"02"', '"23537.0"']
2011-02-27 11:07:07,395 INFO options.export Line:802 ['"187"', '"02"', '"21877.0"']
2011-02-27 11:07:07,395 INFO options.export Line:802 ['"188"', '"02"', '"16644.0"']
2011-02-27 11:07:07,396 INFO options.export Line:802 ['"189"', '"02"', '"32854.0"']
2011-02-27 11:07:07,396 INFO options.export Line:802 ['"190"', '"02"', '"18346.0"']
2011-02-27 11:07:07,396 INFO options.export Line:802 ['"191"', '"02"', '"47492.0"']
2011-02-27 11:07:07,396 INFO options.export Line:802 ['"192"', '"02"', '"22386.0"']
2011-02-27 11:07:07,397 INFO options.export Line:802 ['"193"', '"02"', '"40564.0"']
2011-02-27 11:07:07,397 INFO options.export Line:802 ['"194"', '"02"', '"18078.0"']
2011-02-27 11:07:07,397 INFO options.export Line:802 ['"195"', '"02"', '"36931.0"']
2011-02-27 11:07:07,397 INFO options.export Line:802 ['"196"', '"02"', '"38344.0"']
2011-02-27 11:07:07,398 INFO options.export Line:802 ['"197"', '"02"', '"46742.0"']
2011-02-27 11:07:07,398 INFO options.export Line:802 ['"198"', '"02"', '"47904.0"']
2011-02-27 11:07:07,399 INFO options.export Line:802 ['"199"', '"02"', '"25748.0"']
2011-02-27 11:07:07,399 INFO options.export Line:802 ['"200"', '"02"', '"40038.0"']
2011-02-27 11:07:07,403 INFO options.export Line:802 ['"201"', '"02"', '"49149.0"']
2011-02-27 11:07:07,403 INFO options.export Line:802 ['"202"', '"02"', '"28416.0"']
2011-02-27 11:07:07,403 INFO options.export Line:802 ['"203"', '"02"', '"2772.0"']
2011-02-27 11:07:07,403 INFO options.export Line:802 ['"204"', '"02"', '"12715.0"']
2011-02-27 11:07:07,404 INFO options.export Line:802 ['"205"', '"02"', '"30300.0"']
2011-02-27 11:07:07,404 INFO options.export Line:802 ['"206"', '"02"', '"28778.0"']
2011-02-27 11:07:07,404 INFO options.export Line:802 ['"207"', '"02"', '"11787.0"']
2011-02-27 11:07:07,404 INFO options.export Line:802 ['"208"', '"02"', '"8180.0"']
2011-02-27 11:07:07,404 INFO options.export Line:802 ['"209"', '"02"', '"24062.0"']
2011-02-27 11:07:07,405 INFO options.export Line:802 ['"210"', '"02"', '"36661.0"']
2011-02-27 11:07:07,405 INFO options.export Line:802 ['"211"', '"02"', '"8746.0"']
2011-02-27 11:07:07,405 INFO options.export Line:802 ['"212"', '"02"', '"29446.0"']
2011-02-27 11:07:07,405 INFO options.export Line:802 ['"213"', '"02"', '"23531.0"']
2011-02-27 11:07:07,405 INFO options.export Line:802 ['"214"', '"02"', '"11175.0"']
2011-02-27 11:07:07,406 INFO options.export Line:802 ['"215"', '"02"', '"9037.0"']
2011-02-27 11:07:07,406 INFO options.export Line:802 ['"216"', '"02"', '"13475.0"']
2011-02-27 11:07:07,406 INFO options.export Line:802 ['"217"', '"02"', '"16913.0"']
2011-02-27 11:07:07,406 INFO options.export Line:802 ['"218"', '"02"', '"4829.0"']
2011-02-27 11:07:07,407 INFO options.export Line:802 ['"219"', '"02"', '"7692.0"']
2011-02-27 11:07:07,407 INFO options.export Line:802 ['"220"', '"02"', '"32528.0"']
2011-02-27 11:07:07,408 INFO options.export Line:802 ['"221"', '"02"', '"23590.0"']
2011-02-27 11:07:07,408 INFO options.export Line:802 ['"222"', '"02"', '"24754.0"']
2011-02-27 11:07:07,408 INFO options.export Line:802 ['"223"', '"02"', '"43428.0"']
2011-02-27 11:07:07,408 INFO options.export Line:802 ['"224"', '"02"', '"21189.0"']
2011-02-27 11:07:07,409 INFO options.export Line:802 ['"225"', '"02"', '"21036.0"']
2011-02-27 11:07:07,409 INFO options.export Line:802 ['"226"', '"02"', '"5654.0"']
2011-02-27 11:07:07,409 INFO options.export Line:802 ['"227"', '"02"', '"46476.0"']
2011-02-27 11:07:07,409 INFO options.export Line:802 ['"228"', '"02"', '"30473.0"']
2011-02-27 11:07:07,409 INFO options.export Line:802 ['"229"', '"02"', '"37568.0"']
2011-02-27 11:07:07,410 INFO options.export Line:802 ['"230"', '"02"', '"46909.0"']
2011-02-27 11:07:07,410 INFO options.export Line:802 ['"231"', '"02"', '"27864.0"']
2011-02-27 11:07:07,410 INFO options.export Line:802 ['"232"', '"02"', '"26170.0"']
2011-02-27 11:07:07,410 INFO options.export Line:802 ['"233"', '"02"', '"16454.0"']
2011-02-27 11:07:07,410 INFO options.export Line:802 ['"234"', '"02"', '"28872.0"']
2011-02-27 11:07:07,411 INFO options.export Line:802 ['"235"', '"02"', '"7094.0"']
2011-02-27 11:07:07,411 INFO options.export Line:802 ['"236"', '"02"', '"35560.0"']
2011-02-27 11:07:07,411 INFO options.export Line:802 ['"237"', '"02"', '"44092.0"']
2011-02-27 11:07:07,411 INFO options.export Line:802 ['"238"', '"02"', '"43609.0"']
2011-02-27 11:07:07,412 INFO options.export Line:802 ['"239"', '"02"', '"6641.0"']
2011-02-27 11:07:07,412 INFO options.export Line:802 ['"240"', '"02"', '"26306.0"']
2011-02-27 11:07:07,412 INFO options.export Line:802 ['"241"', '"02"', '"6704.0"']
2011-02-27 11:07:07,412 INFO options.export Line:802 ['"242"', '"02"', '"26766.0"']
2011-02-27 11:07:07,413 INFO options.export Line:802 ['"243"', '"02"', '"40161.0"']
2011-02-27 11:07:07,413 INFO options.export Line:802 ['"244"', '"02"', '"45819.0"']
2011-02-27 11:07:07,413 INFO options.export Line:802 ['"245"', '"02"', '"42447.0"']
2011-02-27 11:07:07,413 INFO options.export Line:802 ['"246"', '"02"', '"32237.0"']
2011-02-27 11:07:07,413 INFO options.export Line:802 ['"247"', '"02"', '"4466.0"']
2011-02-27 11:07:07,414 INFO options.export Line:802 ['"248"', '"02"', '"25052.0"']
2011-02-27 11:07:07,414 INFO options.export Line:802 ['"249"', '"02"', '"14051.0"']
2011-02-27 11:07:07,414 INFO options.export Line:802 ['"250"', '"02"', '"35290.0"']
2011-02-27 11:07:07,414 INFO options.export Line:802 ['"251"', '"02"', '"17677.0"']
2011-02-27 11:07:07,415 INFO options.export Line:802 ['"252"', '"02"', '"8131.0"']
2011-02-27 11:07:07,416 INFO options.export Line:802 ['"253"', '"02"', '"44040.0"']
2011-02-27 11:07:07,416 INFO options.export Line:802 ['"254"', '"02"', '"37515.0"']
2011-02-27 11:07:07,416 INFO options.export Line:802 ['"255"', '"02"', '"36628.0"']
2011-02-27 11:07:07,417 INFO options.export Line:802 ['"256"', '"02"', '"19779.0"']
2011-02-27 11:07:07,417 INFO options.export Line:802 ['"257"', '"02"', '"6393.0"']
2011-02-27 11:07:07,417 INFO options.export Line:802 ['"258"', '"02"', '"34189.0"']
2011-02-27 11:07:07,418 INFO options.export Line:802 ['"259"', '"02"', '"47807.0"']
2011-02-27 11:07:07,418 INFO options.export Line:802 ['"260"', '"02"', '"27541.0"']
2011-02-27 11:07:07,418 INFO options.export Line:802 ['"261"', '"02"', '"21208.0"']
2011-02-27 11:07:07,419 INFO options.export Line:802 ['"262"', '"02"', '"36249.0"']
2011-02-27 11:07:07,419 INFO options.export Line:802 ['"263"', '"02"', '"47372.0"']
2011-02-27 11:07:07,419 INFO options.export Line:802 ['"264"', '"02"', '"10241.0"']
2011-02-27 11:07:07,419 INFO options.export Line:802 ['"265"', '"02"', '"23093.0"']
2011-02-27 11:07:07,420 INFO options.export Line:802 ['"266"', '"02"', '"44669.0"']
2011-02-27 11:07:07,420 INFO options.export Line:802 ['"267"', '"02"', '"11217.0"']
2011-02-27 11:07:07,420 INFO options.export Line:802 ['"268"', '"02"', '"18279.0"']
2011-02-27 11:07:07,420 INFO options.export Line:802 ['"269"', '"02"', '"41946.0"']
2011-02-27 11:07:07,421 INFO options.export Line:802 ['"270"', '"02"', '"11704.0"']
2011-02-27 11:07:07,421 INFO options.export Line:802 ['"271"', '"02"', '"3153.0"']
2011-02-27 11:07:07,421 INFO options.export Line:802 ['"272"', '"02"', '"11109.0"']
2011-02-27 11:07:07,421 INFO options.export Line:802 ['"273"', '"02"', '"30342.0"']
2011-02-27 11:07:07,422 INFO options.export Line:802 ['"274"', '"02"', '"32584.0"']
2011-02-27 11:07:07,422 INFO options.export Line:802 ['"275"', '"02"', '"46671.0"']
2011-02-27 11:07:07,422 INFO options.export Line:802 ['"276"', '"02"', '"10557.0"']
2011-02-27 11:07:07,422 INFO options.export Line:802 ['"277"', '"02"', '"25258.0"']
2011-02-27 11:07:07,423 INFO options.export Line:802 ['"278"', '"02"', '"8596.0"']
2011-02-27 11:07:07,424 INFO options.export Line:802 ['"279"', '"02"', '"27671.0"']
2011-02-27 11:07:07,424 INFO options.export Line:802 ['"280"', '"02"', '"44386.0"']
2011-02-27 11:07:07,424 INFO options.export Line:802 ['"281"', '"02"', '"38061.0"']
2011-02-27 11:07:07,424 INFO options.export Line:802 ['"282"', '"02"', '"17057.0"']
2011-02-27 11:07:07,424 INFO options.export Line:802 ['"283"', '"02"', '"14873.0"']
2011-02-27 11:07:07,425 INFO options.export Line:802 ['"284"', '"02"', '"35202.0"']
2011-02-27 11:07:07,425 INFO options.export Line:802 ['"285"', '"02"', '"40056.0"']
2011-02-27 11:07:07,425 INFO options.export Line:802 ['"286"', '"02"', '"8775.0"']
2011-02-27 11:07:07,425 INFO options.export Line:802 ['"287"', '"02"', '"9829.0"']
2011-02-27 11:07:07,425 INFO options.export Line:802 ['"288"', '"02"', '"45842.0"']
2011-02-27 11:07:07,426 INFO options.export Line:802 ['"289"', '"02"', '"43997.0"']
2011-02-27 11:07:07,426 INFO options.export Line:802 ['"290"', '"02"', '"42529.0"']
2011-02-27 11:07:07,426 INFO options.export Line:802 ['"291"', '"02"', '"8706.0"']
2011-02-27 11:07:07,426 INFO options.export Line:802 ['"292"', '"02"', '"12704.0"']
2011-02-27 11:07:07,427 INFO options.export Line:802 ['"293"', '"02"', '"32264.0"']
2011-02-27 11:07:07,427 INFO options.export Line:802 ['"294"', '"02"', '"41736.0"']
2011-02-27 11:07:07,427 INFO options.export Line:802 ['"295"', '"02"', '"2653.0"']
2011-02-27 11:07:07,428 INFO options.export Line:802 ['"296"', '"02"', '"36666.0"']
2011-02-27 11:07:07,428 INFO options.export Line:802 ['"297"', '"02"', '"25459.0"']
2011-02-27 11:07:07,428 INFO options.export Line:802 ['"298"', '"02"', '"23050.0"']
2011-02-27 11:07:07,429 INFO options.export Line:802 ['"299"', '"02"', '"41008.0"']
2011-02-27 11:07:07,429 INFO options.export Line:802 ['"300"', '"02"', '"2770.0"']
2011-02-27 11:07:07,433 INFO options.export Line:802 ['"301"', '"02"', '"2141.0"']
2011-02-27 11:07:07,433 INFO options.export Line:802 ['"302"', '"02"', '"44129.0"']
2011-02-27 11:07:07,433 INFO options.export Line:802 ['"303"', '"02"', '"30523.0"']
2011-02-27 11:07:07,433 INFO options.export Line:802 ['"304"', '"02"', '"47392.0"']
2011-02-27 11:07:07,434 INFO options.export Line:802 ['"305"', '"02"', '"7721.0"']
2011-02-27 11:07:07,434 INFO options.export Line:802 ['"306"', '"02"', '"17557.0"']
2011-02-27 11:07:07,434 INFO options.export Line:802 ['"307"', '"02"', '"8052.0"']
2011-02-27 11:07:07,434 INFO options.export Line:802 ['"308"', '"02"', '"17168.0"']
2011-02-27 11:07:07,434 INFO options.export Line:802 ['"309"', '"02"', '"38891.0"']
2011-02-27 11:07:07,435 INFO options.export Line:802 ['"310"', '"02"', '"33842.0"']
2011-02-27 11:07:07,435 INFO options.export Line:802 ['"311"', '"02"', '"28639.0"']
2011-02-27 11:07:07,435 INFO options.export Line:802 ['"312"', '"02"', '"44709.0"']
2011-02-27 11:07:07,435 INFO options.export Line:802 ['"313"', '"02"', '"33275.0"']
2011-02-27 11:07:07,436 INFO options.export Line:802 ['"314"', '"02"', '"45969.0"']
2011-02-27 11:07:07,436 INFO options.export Line:802 ['"315"', '"02"', '"24985.0"']
2011-02-27 11:07:07,436 INFO options.export Line:802 ['"316"', '"02"', '"21776.0"']
2011-02-27 11:07:07,436 INFO options.export Line:802 ['"317"', '"02"', '"39876.0"']
2011-02-27 11:07:07,436 INFO options.export Line:802 ['"318"', '"02"', '"41745.0"']
2011-02-27 11:07:07,437 INFO options.export Line:802 ['"319"', '"02"', '"25818.0"']
2011-02-27 11:07:07,437 INFO options.export Line:802 ['"320"', '"02"', '"41363.0"']
2011-02-27 11:07:07,437 INFO options.export Line:802 ['"321"', '"02"', '"4076.0"']
2011-02-27 11:07:07,437 INFO options.export Line:802 ['"322"', '"02"', '"40153.0"']
2011-02-27 11:07:07,437 INFO options.export Line:802 ['"323"', '"02"', '"34882.0"']
2011-02-27 11:07:07,438 INFO options.export Line:802 ['"324"', '"02"', '"32177.0"']
2011-02-27 11:07:07,438 INFO options.export Line:802 ['"325"', '"02"', '"23784.0"']
2011-02-27 11:07:07,438 INFO options.export Line:802 ['"326"', '"02"', '"13648.0"']
2011-02-27 11:07:07,439 INFO options.export Line:802 ['"327"', '"02"', '"39487.0"']
2011-02-27 11:07:07,440 INFO options.export Line:802 ['"328"', '"02"', '"2618.0"']
2011-02-27 11:07:07,440 INFO options.export Line:802 ['"329"', '"02"', '"42131.0"']
2011-02-27 11:07:07,440 INFO options.export Line:802 ['"330"', '"02"', '"3175.0"']
2011-02-27 11:07:07,440 INFO options.export Line:802 ['"331"', '"02"', '"46564.0"']
2011-02-27 11:07:07,440 INFO options.export Line:802 ['"332"', '"02"', '"22502.0"']
2011-02-27 11:07:07,441 INFO options.export Line:802 ['"333"', '"02"', '"20163.0"']
2011-02-27 11:07:07,441 INFO options.export Line:802 ['"334"', '"02"', '"11571.0"']
2011-02-27 11:07:07,441 INFO options.export Line:802 ['"335"', '"02"', '"29988.0"']
2011-02-27 11:07:07,441 INFO options.export Line:802 ['"336"', '"02"', '"9486.0"']
2011-02-27 11:07:07,441 INFO options.export Line:802 ['"337"', '"02"', '"26504.0"']
2011-02-27 11:07:07,442 INFO options.export Line:802 ['"338"', '"02"', '"12051.0"']
2011-02-27 11:07:07,442 INFO options.export Line:802 ['"339"', '"02"', '"4382.0"']
2011-02-27 11:07:07,442 INFO options.export Line:802 ['"340"', '"02"', '"45491.0"']
2011-02-27 11:07:07,442 INFO options.export Line:802 ['"341"', '"02"', '"41357.0"']
2011-02-27 11:07:07,443 INFO options.export Line:802 ['"342"', '"02"', '"32725.0"']
2011-02-27 11:07:07,443 INFO options.export Line:802 ['"343"', '"02"', '"14412.0"']
2011-02-27 11:07:07,443 INFO options.export Line:802 ['"344"', '"02"', '"27179.0"']
2011-02-27 11:07:07,443 INFO options.export Line:802 ['"345"', '"02"', '"41427.0"']
2011-02-27 11:07:07,443 INFO options.export Line:802 ['"346"', '"02"', '"4487.0"']
2011-02-27 11:07:07,444 INFO options.export Line:802 ['"347"', '"02"', '"40013.0"']
2011-02-27 11:07:07,444 INFO options.export Line:802 ['"348"', '"02"', '"5739.0"']
2011-02-27 11:07:07,444 INFO options.export Line:802 ['"349"', '"02"', '"13316.0"']
2011-02-27 11:07:07,444 INFO options.export Line:802 ['"350"', '"02"', '"48882.0"']
2011-02-27 11:07:07,444 INFO options.export Line:802 ['"351"', '"02"', '"12210.0"']
2011-02-27 11:07:07,445 INFO options.export Line:802 ['"352"', '"02"', '"34342.0"']
2011-02-27 11:07:07,445 INFO options.export Line:802 ['"353"', '"02"', '"48101.0"']
2011-02-27 11:07:07,445 INFO options.export Line:802 ['"354"', '"02"', '"21115.0"']
2011-02-27 11:07:07,445 INFO options.export Line:802 ['"355"', '"02"', '"29018.0"']
2011-02-27 11:07:07,445 INFO options.export Line:802 ['"356"', '"02"', '"48989.0"']
2011-02-27 11:07:07,446 INFO options.export Line:802 ['"357"', '"02"', '"11638.0"']
2011-02-27 11:07:07,446 INFO options.export Line:802 ['"358"', '"02"', '"37600.0"']
2011-02-27 11:07:07,446 INFO options.export Line:802 ['"359"', '"02"', '"19983.0"']
2011-02-27 11:07:07,446 INFO options.export Line:802 ['"360"', '"02"', '"40733.0"']
2011-02-27 11:07:07,448 INFO options.export Line:802 ['"361"', '"02"', '"43950.0"']
2011-02-27 11:07:07,448 INFO options.export Line:802 ['"362"', '"02"', '"12688.0"']
2011-02-27 11:07:07,448 INFO options.export Line:802 ['"363"', '"02"', '"35937.0"']
2011-02-27 11:07:07,448 INFO options.export Line:802 ['"364"', '"02"', '"15001.0"']
2011-02-27 11:07:07,449 INFO options.export Line:802 ['"365"', '"02"', '"42292.0"']
2011-02-27 11:07:07,449 INFO options.export Line:802 ['"366"', '"02"', '"28059.0"']
2011-02-27 11:07:07,449 INFO options.export Line:802 ['"367"', '"02"', '"28001.0"']
2011-02-27 11:07:07,449 INFO options.export Line:802 ['"368"', '"02"', '"36659.0"']
2011-02-27 11:07:07,449 INFO options.export Line:802 ['"369"', '"02"', '"4923.0"']
2011-02-27 11:07:07,450 INFO options.export Line:802 ['"370"', '"02"', '"19466.0"']
2011-02-27 11:07:07,450 INFO options.export Line:802 ['"371"', '"02"', '"10578.0"']
2011-02-27 11:07:07,450 INFO options.export Line:802 ['"372"', '"02"', '"12599.0"']
2011-02-27 11:07:07,450 INFO options.export Line:802 ['"373"', '"02"', '"2002.0"']
2011-02-27 11:07:07,451 INFO options.export Line:802 ['"374"', '"02"', '"12314.0"']
2011-02-27 11:07:07,451 INFO options.export Line:802 ['"375"', '"02"', '"5741.0"']
2011-02-27 11:07:07,451 INFO options.export Line:802 ['"376"', '"02"', '"28254.0"']
2011-02-27 11:07:07,451 INFO options.export Line:802 ['"377"', '"02"', '"3680.0"']
2011-02-27 11:07:07,451 INFO options.export Line:802 ['"378"', '"02"', '"20588.0"']
2011-02-27 11:07:07,452 INFO options.export Line:802 ['"379"', '"02"', '"40901.0"']
2011-02-27 11:07:07,452 INFO options.export Line:802 ['"380"', '"02"', '"22218.0"']
2011-02-27 11:07:07,452 INFO options.export Line:802 ['"381"', '"02"', '"25028.0"']
2011-02-27 11:07:07,453 INFO options.export Line:802 ['"382"', '"02"', '"9016.0"']
2011-02-27 11:07:07,453 INFO options.export Line:802 ['"383"', '"02"', '"19458.0"']
2011-02-27 11:07:07,453 INFO options.export Line:802 ['"384"', '"02"', '"5004.0"']
2011-02-27 11:07:07,453 INFO options.export Line:802 ['"385"', '"02"', '"39524.0"']
2011-02-27 11:07:07,454 INFO options.export Line:802 ['"386"', '"02"', '"3727.0"']
2011-02-27 11:07:07,454 INFO options.export Line:802 ['"387"', '"02"', '"23363.0"']
2011-02-27 11:07:07,454 INFO options.export Line:802 ['"388"', '"02"', '"47191.0"']
2011-02-27 11:07:07,455 INFO options.export Line:802 ['"389"', '"02"', '"18050.0"']
2011-02-27 11:07:07,455 INFO options.export Line:802 ['"390"', '"02"', '"9708.0"']
2011-02-27 11:07:07,455 INFO options.export Line:802 ['"391"', '"02"', '"3652.0"']
2011-02-27 11:07:07,455 INFO options.export Line:802 ['"392"', '"02"', '"49128.0"']
2011-02-27 11:07:07,456 INFO options.export Line:802 ['"393"', '"02"', '"14103.0"']
2011-02-27 11:07:07,456 INFO options.export Line:802 ['"394"', '"02"', '"17480.0"']
2011-02-27 11:07:07,456 INFO options.export Line:802 ['"395"', '"02"', '"5303.0"']
2011-02-27 11:07:07,457 INFO options.export Line:802 ['"396"', '"02"', '"29356.0"']
2011-02-27 11:07:07,457 INFO options.export Line:802 ['"397"', '"02"', '"18788.0"']
2011-02-27 11:07:07,458 INFO options.export Line:802 ['"398"', '"02"', '"39807.0"']
2011-02-27 11:07:07,458 INFO options.export Line:802 ['"399"', '"02"', '"10290.0"']
2011-02-27 11:07:07,458 INFO options.export Line:802 ['"400"', '"02"', '"23726.0"']
2011-02-27 11:07:07,462 INFO options.export Line:802 ['"401"', '"02"', '"6107.0"']
2011-02-27 11:07:07,462 INFO options.export Line:802 ['"402"', '"02"', '"8968.0"']
2011-02-27 11:07:07,463 INFO options.export Line:802 ['"403"', '"02"', '"45996.0"']
2011-02-27 11:07:07,463 INFO options.export Line:802 ['"404"', '"02"', '"9923.0"']
2011-02-27 11:07:07,463 INFO options.export Line:802 ['"405"', '"02"', '"13071.0"']
2011-02-27 11:07:07,463 INFO options.export Line:802 ['"406"', '"02"', '"41874.0"']
2011-02-27 11:07:07,463 INFO options.export Line:802 ['"407"', '"02"', '"3259.0"']
2011-02-27 11:07:07,464 INFO options.export Line:802 ['"408"', '"02"', '"19993.0"']
2011-02-27 11:07:07,464 INFO options.export Line:802 ['"409"', '"02"', '"43908.0"']
2011-02-27 11:07:07,464 INFO options.export Line:802 ['"410"', '"02"', '"41546.0"']
2011-02-27 11:07:07,464 INFO options.export Line:802 ['"411"', '"02"', '"32544.0"']
2011-02-27 11:07:07,465 INFO options.export Line:802 ['"412"', '"02"', '"18403.0"']
2011-02-27 11:07:07,465 INFO options.export Line:802 ['"413"', '"02"', '"32862.0"']
2011-02-27 11:07:07,465 INFO options.export Line:802 ['"414"', '"02"', '"34385.0"']
2011-02-27 11:07:07,465 INFO options.export Line:802 ['"415"', '"02"', '"36059.0"']
2011-02-27 11:07:07,465 INFO options.export Line:802 ['"416"', '"02"', '"32768.0"']
2011-02-27 11:07:07,466 INFO options.export Line:802 ['"417"', '"02"', '"37930.0"']
2011-02-27 11:07:07,466 INFO options.export Line:802 ['"418"', '"02"', '"46160.0"']
2011-02-27 11:07:07,466 INFO options.export Line:802 ['"419"', '"02"', '"48669.0"']
2011-02-27 11:07:07,466 INFO options.export Line:802 ['"420"', '"02"', '"28446.0"']
2011-02-27 11:07:07,466 INFO options.export Line:802 ['"421"', '"02"', '"30281.0"']
2011-02-27 11:07:07,467 INFO options.export Line:802 ['"422"', '"02"', '"4755.0"']
2011-02-27 11:07:07,467 INFO options.export Line:802 ['"423"', '"02"', '"35212.0"']
2011-02-27 11:07:07,467 INFO options.export Line:802 ['"424"', '"02"', '"32372.0"']
2011-02-27 11:07:07,467 INFO options.export Line:802 ['"425"', '"02"', '"41357.0"']
2011-02-27 11:07:07,468 INFO options.export Line:802 ['"426"', '"02"', '"47837.0"']
2011-02-27 11:07:07,468 INFO options.export Line:802 ['"427"', '"02"', '"47256.0"']
2011-02-27 11:07:07,468 INFO options.export Line:802 ['"428"', '"02"', '"4128.0"']
2011-02-27 11:07:07,468 INFO options.export Line:802 ['"429"', '"02"', '"41423.0"']
2011-02-27 11:07:07,468 INFO options.export Line:802 ['"430"', '"02"', '"49541.0"']
2011-02-27 11:07:07,469 INFO options.export Line:802 ['"431"', '"02"', '"3916.0"']
2011-02-27 11:07:07,469 INFO options.export Line:802 ['"432"', '"02"', '"45442.0"']
2011-02-27 11:07:07,469 INFO options.export Line:802 ['"433"', '"02"', '"18860.0"']
2011-02-27 11:07:07,469 INFO options.export Line:802 ['"434"', '"02"', '"18985.0"']
2011-02-27 11:07:07,469 INFO options.export Line:802 ['"435"', '"02"', '"10708.0"']
2011-02-27 11:07:07,470 INFO options.export Line:802 ['"436"', '"02"', '"23719.0"']
2011-02-27 11:07:07,470 INFO options.export Line:802 ['"437"', '"02"', '"44400.0"']
2011-02-27 11:07:07,470 INFO options.export Line:802 ['"438"', '"02"', '"6329.0"']
2011-02-27 11:07:07,471 INFO options.export Line:802 ['"439"', '"02"', '"35125.0"']
2011-02-27 11:07:07,471 INFO options.export Line:802 ['"440"', '"02"', '"30811.0"']
2011-02-27 11:07:07,472 INFO options.export Line:802 ['"441"', '"02"', '"46685.0"']
2011-02-27 11:07:07,472 INFO options.export Line:802 ['"442"', '"02"', '"45037.0"']
2011-02-27 11:07:07,472 INFO options.export Line:802 ['"443"', '"02"', '"2620.0"']
2011-02-27 11:07:07,472 INFO options.export Line:802 ['"444"', '"02"', '"40711.0"']
2011-02-27 11:07:07,472 INFO options.export Line:802 ['"445"', '"02"', '"48454.0"']
2011-02-27 11:07:07,473 INFO options.export Line:802 ['"446"', '"02"', '"7074.0"']
2011-02-27 11:07:07,473 INFO options.export Line:802 ['"447"', '"02"', '"43948.0"']
2011-02-27 11:07:07,473 INFO options.export Line:802 ['"448"', '"02"', '"4233.0"']
2011-02-27 11:07:07,473 INFO options.export Line:802 ['"449"', '"02"', '"47910.0"']
2011-02-27 11:07:07,473 INFO options.export Line:802 ['"450"', '"02"', '"26746.0"']
2011-02-27 11:07:07,474 INFO options.export Line:802 ['"451"', '"02"', '"28525.0"']
2011-02-27 11:07:07,474 INFO options.export Line:802 ['"452"', '"02"', '"10603.0"']
2011-02-27 11:07:07,474 INFO options.export Line:802 ['"453"', '"02"', '"4766.0"']
2011-02-27 11:07:07,474 INFO options.export Line:802 ['"454"', '"02"', '"12273.0"']
2011-02-27 11:07:07,475 INFO options.export Line:802 ['"455"', '"02"', '"44554.0"']
2011-02-27 11:07:07,475 INFO options.export Line:802 ['"456"', '"02"', '"10441.0"']
2011-02-27 11:07:07,475 INFO options.export Line:802 ['"457"', '"02"', '"42833.0"']
2011-02-27 11:07:07,475 INFO options.export Line:802 ['"458"', '"02"', '"36211.0"']
2011-02-27 11:07:07,475 INFO options.export Line:802 ['"459"', '"02"', '"7874.0"']
2011-02-27 11:07:07,476 INFO options.export Line:802 ['"460"', '"02"', '"38677.0"']
2011-02-27 11:07:07,476 INFO options.export Line:802 ['"461"', '"02"', '"17128.0"']
2011-02-27 11:07:07,476 INFO options.export Line:802 ['"462"', '"02"', '"7766.0"']
2011-02-27 11:07:07,476 INFO options.export Line:802 ['"463"', '"02"', '"14599.0"']
2011-02-27 11:07:07,477 INFO options.export Line:802 ['"464"', '"02"', '"49083.0"']
2011-02-27 11:07:07,477 INFO options.export Line:802 ['"465"', '"02"', '"25345.0"']
2011-02-27 11:07:07,477 INFO options.export Line:802 ['"466"', '"02"', '"11212.0"']
2011-02-27 11:07:07,477 INFO options.export Line:802 ['"467"', '"02"', '"16089.0"']
2011-02-27 11:07:07,477 INFO options.export Line:802 ['"468"', '"02"', '"25414.0"']
2011-02-27 11:07:07,478 INFO options.export Line:802 ['"469"', '"02"', '"23812.0"']
2011-02-27 11:07:07,478 INFO options.export Line:802 ['"470"', '"02"', '"29005.0"']
2011-02-27 11:07:07,478 INFO options.export Line:802 ['"471"', '"02"', '"30185.0"']
2011-02-27 11:07:07,479 INFO options.export Line:802 ['"472"', '"02"', '"22266.0"']
2011-02-27 11:07:07,479 INFO options.export Line:802 ['"473"', '"02"', '"46710.0"']
2011-02-27 11:07:07,480 INFO options.export Line:802 ['"474"', '"02"', '"47164.0"']
2011-02-27 11:07:07,480 INFO options.export Line:802 ['"475"', '"02"', '"21680.0"']
2011-02-27 11:07:07,481 INFO options.export Line:802 ['"476"', '"02"', '"41921.0"']
2011-02-27 11:07:07,481 INFO options.export Line:802 ['"477"', '"02"', '"19961.0"']
2011-02-27 11:07:07,481 INFO options.export Line:802 ['"478"', '"02"', '"43127.0"']
2011-02-27 11:07:07,481 INFO options.export Line:802 ['"479"', '"02"', '"25947.0"']
2011-02-27 11:07:07,482 INFO options.export Line:802 ['"480"', '"02"', '"3106.0"']
2011-02-27 11:07:07,482 INFO options.export Line:802 ['"481"', '"02"', '"9305.0"']
2011-02-27 11:07:07,482 INFO options.export Line:802 ['"482"', '"02"', '"45857.0"']
2011-02-27 11:07:07,483 INFO options.export Line:802 ['"483"', '"02"', '"45167.0"']
2011-02-27 11:07:07,483 INFO options.export Line:802 ['"484"', '"02"', '"40444.0"']
2011-02-27 11:07:07,484 INFO options.export Line:802 ['"485"', '"02"', '"40137.0"']
2011-02-27 11:07:07,484 INFO options.export Line:802 ['"486"', '"02"', '"19058.0"']
2011-02-27 11:07:07,484 INFO options.export Line:802 ['"487"', '"02"', '"20667.0"']
2011-02-27 11:07:07,484 INFO options.export Line:802 ['"488"', '"02"', '"33582.0"']
2011-02-27 11:07:07,485 INFO options.export Line:802 ['"489"', '"02"', '"13544.0"']
2011-02-27 11:07:07,485 INFO options.export Line:802 ['"490"', '"02"', '"11420.0"']
2011-02-27 11:07:07,485 INFO options.export Line:802 ['"491"', '"02"', '"6030.0"']
2011-02-27 11:07:07,485 INFO options.export Line:802 ['"492"', '"02"', '"36832.0"']
2011-02-27 11:07:07,486 INFO options.export Line:802 ['"493"', '"02"', '"16318.0"']
2011-02-27 11:07:07,486 INFO options.export Line:802 ['"494"', '"02"', '"25984.0"']
2011-02-27 11:07:07,486 INFO options.export Line:802 ['"495"', '"02"', '"10160.0"']
2011-02-27 11:07:07,487 INFO options.export Line:802 ['"496"', '"02"', '"35851.0"']
2011-02-27 11:07:07,487 INFO options.export Line:802 ['"497"', '"02"', '"48254.0"']
2011-02-27 11:07:07,488 INFO options.export Line:802 ['"498"', '"02"', '"16070.0"']
2011-02-27 11:07:07,488 INFO options.export Line:802 ['"499"', '"02"', '"11872.0"']
2011-02-27 11:07:07,488 INFO options.export Line:802 ['"500"', '"02"', '"48536.0"']
2011-02-27 11:07:07,492 INFO options.export Line:802 ['"501"', '"02"', '"39400.0"']
2011-02-27 11:07:07,492 INFO options.export Line:802 ['"502"', '"02"', '"46786.0"']
2011-02-27 11:07:07,492 INFO options.export Line:802 ['"503"', '"02"', '"49021.0"']
2011-02-27 11:07:07,493 INFO options.export Line:802 ['"504"', '"02"', '"16300.0"']
2011-02-27 11:07:07,493 INFO options.export Line:802 ['"505"', '"02"', '"35620.0"']
2011-02-27 11:07:07,493 INFO options.export Line:802 ['"506"', '"02"', '"35312.0"']
2011-02-27 11:07:07,494 INFO options.export Line:802 ['"507"', '"02"', '"49694.0"']
2011-02-27 11:07:07,494 INFO options.export Line:802 ['"508"', '"02"', '"37045.0"']
2011-02-27 11:07:07,495 INFO options.export Line:802 ['"509"', '"02"', '"48730.0"']
2011-02-27 11:07:07,495 INFO options.export Line:802 ['"510"', '"02"', '"35059.0"']
2011-02-27 11:07:07,495 INFO options.export Line:802 ['"511"', '"02"', '"30930.0"']
2011-02-27 11:07:07,496 INFO options.export Line:802 ['"512"', '"02"', '"6389.0"']
2011-02-27 11:07:07,496 INFO options.export Line:802 ['"513"', '"02"', '"36933.0"']
2011-02-27 11:07:07,496 INFO options.export Line:802 ['"514"', '"02"', '"31718.0"']
2011-02-27 11:07:07,496 INFO options.export Line:802 ['"515"', '"02"', '"6145.0"']
2011-02-27 11:07:07,497 INFO options.export Line:802 ['"516"', '"02"', '"44536.0"']
2011-02-27 11:07:07,497 INFO options.export Line:802 ['"517"', '"02"', '"45812.0"']
2011-02-27 11:07:07,497 INFO options.export Line:802 ['"518"', '"02"', '"3216.0"']
2011-02-27 11:07:07,498 INFO options.export Line:802 ['"519"', '"02"', '"2097.0"']
2011-02-27 11:07:07,498 INFO options.export Line:802 ['"520"', '"02"', '"36775.0"']
2011-02-27 11:07:07,498 INFO options.export Line:802 ['"521"', '"02"', '"11063.0"']
2011-02-27 11:07:07,499 INFO options.export Line:802 ['"522"', '"02"', '"30235.0"']
2011-02-27 11:07:07,499 INFO options.export Line:802 ['"523"', '"02"', '"13400.0"']
2011-02-27 11:07:07,499 INFO options.export Line:802 ['"524"', '"02"', '"22020.0"']
2011-02-27 11:07:07,500 INFO options.export Line:802 ['"525"', '"02"', '"14814.0"']
2011-02-27 11:07:07,500 INFO options.export Line:802 ['"526"', '"02"', '"28717.0"']
2011-02-27 11:07:07,500 INFO options.export Line:802 ['"527"', '"02"', '"6851.0"']
2011-02-27 11:07:07,500 INFO options.export Line:802 ['"528"', '"02"', '"8058.0"']
2011-02-27 11:07:07,500 INFO options.export Line:802 ['"529"', '"02"', '"24786.0"']
2011-02-27 11:07:07,501 INFO options.export Line:802 ['"530"', '"02"', '"46138.0"']
2011-02-27 11:07:07,501 INFO options.export Line:802 ['"531"', '"02"', '"17339.0"']
2011-02-27 11:07:07,507 INFO options.export Line:802 ['"532"', '"02"', '"49001.0"']
2011-02-27 11:07:07,507 INFO options.export Line:802 ['"533"', '"02"', '"7665.0"']
2011-02-27 11:07:07,507 INFO options.export Line:802 ['"534"', '"02"', '"42306.0"']
2011-02-27 11:07:07,508 INFO options.export Line:802 ['"535"', '"02"', '"37761.0"']
2011-02-27 11:07:07,508 INFO options.export Line:802 ['"536"', '"02"', '"45587.0"']
2011-02-27 11:07:07,508 INFO options.export Line:802 ['"537"', '"02"', '"5505.0"']
2011-02-27 11:07:07,508 INFO options.export Line:802 ['"538"', '"02"', '"33077.0"']
2011-02-27 11:07:07,509 INFO options.export Line:802 ['"539"', '"02"', '"24314.0"']
2011-02-27 11:07:07,509 INFO options.export Line:802 ['"540"', '"02"', '"45660.0"']
2011-02-27 11:07:07,509 INFO options.export Line:802 ['"541"', '"02"', '"40530.0"']
2011-02-27 11:07:07,509 INFO options.export Line:802 ['"542"', '"02"', '"2594.0"']
2011-02-27 11:07:07,509 INFO options.export Line:802 ['"543"', '"02"', '"27571.0"']
2011-02-27 11:07:07,510 INFO options.export Line:802 ['"544"', '"02"', '"49363.0"']
2011-02-27 11:07:07,510 INFO options.export Line:802 ['"545"', '"02"', '"3082.0"']
2011-02-27 11:07:07,510 INFO options.export Line:802 ['"546"', '"02"', '"23034.0"']
2011-02-27 11:07:07,511 INFO options.export Line:802 ['"547"', '"02"', '"25718.0"']
2011-02-27 11:07:07,511 INFO options.export Line:802 ['"548"', '"02"', '"6359.0"']
2011-02-27 11:07:07,511 INFO options.export Line:802 ['"549"', '"02"', '"10244.0"']
2011-02-27 11:07:07,512 INFO options.export Line:802 ['"550"', '"02"', '"15203.0"']
2011-02-27 11:07:07,512 INFO options.export Line:802 ['"551"', '"02"', '"23922.0"']
2011-02-27 11:07:07,513 INFO options.export Line:802 ['"552"', '"02"', '"26263.0"']
2011-02-27 11:07:07,513 INFO options.export Line:802 ['"553"', '"02"', '"35932.0"']
2011-02-27 11:07:07,513 INFO options.export Line:802 ['"554"', '"02"', '"19555.0"']
2011-02-27 11:07:07,513 INFO options.export Line:802 ['"555"', '"02"', '"36771.0"']
2011-02-27 11:07:07,513 INFO options.export Line:802 ['"556"', '"02"', '"33776.0"']
2011-02-27 11:07:07,514 INFO options.export Line:802 ['"557"', '"02"', '"33866.0"']
2011-02-27 11:07:07,514 INFO options.export Line:802 ['"558"', '"02"', '"29727.0"']
2011-02-27 11:07:07,514 INFO options.export Line:802 ['"559"', '"02"', '"12807.0"']
2011-02-27 11:07:07,515 INFO options.export Line:802 ['"560"', '"02"', '"9089.0"']
2011-02-27 11:07:07,515 INFO options.export Line:802 ['"561"', '"02"', '"9129.0"']
2011-02-27 11:07:07,515 INFO options.export Line:802 ['"562"', '"02"', '"10811.0"']
2011-02-27 11:07:07,515 INFO options.export Line:802 ['"563"', '"02"', '"7590.0"']
2011-02-27 11:07:07,516 INFO options.export Line:802 ['"564"', '"02"', '"25604.0"']
2011-02-27 11:07:07,516 INFO options.export Line:802 ['"565"', '"02"', '"48293.0"']
2011-02-27 11:07:07,516 INFO options.export Line:802 ['"566"', '"02"', '"16585.0"']
2011-02-27 11:07:07,516 INFO options.export Line:802 ['"567"', '"02"', '"27801.0"']
2011-02-27 11:07:07,517 INFO options.export Line:802 ['"568"', '"02"', '"18940.0"']
2011-02-27 11:07:07,517 INFO options.export Line:802 ['"569"', '"02"', '"2654.0"']
2011-02-27 11:07:07,517 INFO options.export Line:802 ['"570"', '"02"', '"14487.0"']
2011-02-27 11:07:07,517 INFO options.export Line:802 ['"571"', '"02"', '"24819.0"']
2011-02-27 11:07:07,517 INFO options.export Line:802 ['"572"', '"02"', '"26179.0"']
2011-02-27 11:07:07,518 INFO options.export Line:802 ['"573"', '"02"', '"44244.0"']
2011-02-27 11:07:07,518 INFO options.export Line:802 ['"574"', '"02"', '"43550.0"']
2011-02-27 11:07:07,518 INFO options.export Line:802 ['"575"', '"02"', '"38099.0"']
2011-02-27 11:07:07,518 INFO options.export Line:802 ['"576"', '"02"', '"31785.0"']
2011-02-27 11:07:07,519 INFO options.export Line:802 ['"577"', '"02"', '"37737.0"']
2011-02-27 11:07:07,519 INFO options.export Line:802 ['"578"', '"02"', '"37608.0"']
2011-02-27 11:07:07,520 INFO options.export Line:802 ['"579"', '"02"', '"49596.0"']
2011-02-27 11:07:07,520 INFO options.export Line:802 ['"580"', '"02"', '"23177.0"']
2011-02-27 11:07:07,520 INFO options.export Line:802 ['"581"', '"02"', '"19630.0"']
2011-02-27 11:07:07,520 INFO options.export Line:802 ['"582"', '"02"', '"13962.0"']
2011-02-27 11:07:07,520 INFO options.export Line:802 ['"583"', '"02"', '"36631.0"']
2011-02-27 11:07:07,521 INFO options.export Line:802 ['"584"', '"02"', '"26459.0"']
2011-02-27 11:07:07,521 INFO options.export Line:802 ['"585"', '"02"', '"9320.0"']
2011-02-27 11:07:07,521 INFO options.export Line:802 ['"586"', '"02"', '"36496.0"']
2011-02-27 11:07:07,521 INFO options.export Line:802 ['"587"', '"02"', '"28233.0"']
2011-02-27 11:07:07,521 INFO options.export Line:802 ['"588"', '"02"', '"31928.0"']
2011-02-27 11:07:07,522 INFO options.export Line:802 ['"589"', '"02"', '"29408.0"']
2011-02-27 11:07:07,522 INFO options.export Line:802 ['"590"', '"02"', '"47577.0"']
2011-02-27 11:07:07,523 INFO options.export Line:802 ['"591"', '"02"', '"29088.0"']
2011-02-27 11:07:07,523 INFO options.export Line:802 ['"592"', '"02"', '"41546.0"']
2011-02-27 11:07:07,523 INFO options.export Line:802 ['"593"', '"02"', '"15422.0"']
2011-02-27 11:07:07,523 INFO options.export Line:802 ['"594"', '"02"', '"13419.0"']
2011-02-27 11:07:07,523 INFO options.export Line:802 ['"595"', '"02"', '"40496.0"']
2011-02-27 11:07:07,524 INFO options.export Line:802 ['"596"', '"02"', '"11991.0"']
2011-02-27 11:07:07,524 INFO options.export Line:802 ['"597"', '"02"', '"16162.0"']
2011-02-27 11:07:07,524 INFO options.export Line:802 ['"598"', '"02"', '"40598.0"']
2011-02-27 11:07:07,525 INFO options.export Line:802 ['"599"', '"02"', '"32948.0"']
2011-02-27 11:07:07,525 INFO options.export Line:802 ['"600"', '"02"', '"2992.0"']
2011-02-27 11:07:07,529 INFO options.export Line:802 ['"601"', '"02"', '"6298.0"']
2011-02-27 11:07:07,529 INFO options.export Line:802 ['"602"', '"02"', '"36014.0"']
2011-02-27 11:07:07,529 INFO options.export Line:802 ['"603"', '"02"', '"28984.0"']
2011-02-27 11:07:07,529 INFO options.export Line:802 ['"604"', '"02"', '"19189.0"']
2011-02-27 11:07:07,530 INFO options.export Line:802 ['"605"', '"02"', '"30749.0"']
2011-02-27 11:07:07,530 INFO options.export Line:802 ['"606"', '"02"', '"15859.0"']
2011-02-27 11:07:07,530 INFO options.export Line:802 ['"607"', '"02"', '"27320.0"']
2011-02-27 11:07:07,530 INFO options.export Line:802 ['"608"', '"02"', '"20166.0"']
2011-02-27 11:07:07,531 INFO options.export Line:802 ['"609"', '"02"', '"47966.0"']
2011-02-27 11:07:07,531 INFO options.export Line:802 ['"610"', '"02"', '"34220.0"']
2011-02-27 11:07:07,531 INFO options.export Line:802 ['"611"', '"02"', '"27606.0"']
2011-02-27 11:07:07,531 INFO options.export Line:802 ['"612"', '"02"', '"36162.0"']
2011-02-27 11:07:07,532 INFO options.export Line:802 ['"613"', '"02"', '"21635.0"']
2011-02-27 11:07:07,532 INFO options.export Line:802 ['"614"', '"02"', '"35138.0"']
2011-02-27 11:07:07,532 INFO options.export Line:802 ['"615"', '"02"', '"47639.0"']
2011-02-27 11:07:07,532 INFO options.export Line:802 ['"616"', '"02"', '"32173.0"']
2011-02-27 11:07:07,533 INFO options.export Line:802 ['"617"', '"02"', '"7451.0"']
2011-02-27 11:07:07,533 INFO options.export Line:802 ['"618"', '"02"', '"8683.0"']
2011-02-27 11:07:07,533 INFO options.export Line:802 ['"619"', '"02"', '"24652.0"']
2011-02-27 11:07:07,533 INFO options.export Line:802 ['"620"', '"02"', '"31031.0"']
2011-02-27 11:07:07,534 INFO options.export Line:802 ['"621"', '"02"', '"27089.0"']
2011-02-27 11:07:07,534 INFO options.export Line:802 ['"622"', '"02"', '"10469.0"']
2011-02-27 11:07:07,534 INFO options.export Line:802 ['"623"', '"02"', '"18795.0"']
2011-02-27 11:07:07,535 INFO options.export Line:802 ['"624"', '"02"', '"46803.0"']
2011-02-27 11:07:07,535 INFO options.export Line:802 ['"625"', '"02"', '"48996.0"']
2011-02-27 11:07:07,535 INFO options.export Line:802 ['"626"', '"02"', '"48134.0"']
2011-02-27 11:07:07,535 INFO options.export Line:802 ['"627"', '"02"', '"2744.0"']
2011-02-27 11:07:07,535 INFO options.export Line:802 ['"628"', '"02"', '"3176.0"']
2011-02-27 11:07:07,536 INFO options.export Line:802 ['"629"', '"02"', '"49742.0"']
2011-02-27 11:07:07,536 INFO options.export Line:802 ['"630"', '"02"', '"18380.0"']
2011-02-27 11:07:07,536 INFO options.export Line:802 ['"631"', '"02"', '"35693.0"']
2011-02-27 11:07:07,536 INFO options.export Line:802 ['"632"', '"02"', '"34290.0"']
2011-02-27 11:07:07,537 INFO options.export Line:802 ['"633"', '"02"', '"20057.0"']
2011-02-27 11:07:07,537 INFO options.export Line:802 ['"634"', '"02"', '"19129.0"']
2011-02-27 11:07:07,537 INFO options.export Line:802 ['"635"', '"02"', '"11223.0"']
2011-02-27 11:07:07,537 INFO options.export Line:802 ['"636"', '"02"', '"17006.0"']
2011-02-27 11:07:07,537 INFO options.export Line:802 ['"637"', '"02"', '"37317.0"']
2011-02-27 11:07:07,538 INFO options.export Line:802 ['"638"', '"02"', '"17102.0"']
2011-02-27 11:07:07,538 INFO options.export Line:802 ['"639"', '"02"', '"9009.0"']
2011-02-27 11:07:07,538 INFO options.export Line:802 ['"640"', '"02"', '"17550.0"']
2011-02-27 11:07:07,539 INFO options.export Line:802 ['"641"', '"02"', '"42625.0"']
2011-02-27 11:07:07,539 INFO options.export Line:802 ['"642"', '"02"', '"17539.0"']
2011-02-27 11:07:07,539 INFO options.export Line:802 ['"643"', '"02"', '"24826.0"']
2011-02-27 11:07:07,539 INFO options.export Line:802 ['"644"', '"02"', '"18118.0"']
2011-02-27 11:07:07,539 INFO options.export Line:802 ['"645"', '"02"', '"23061.0"']
2011-02-27 11:07:07,540 INFO options.export Line:802 ['"646"', '"02"', '"40045.0"']
2011-02-27 11:07:07,540 INFO options.export Line:802 ['"647"', '"02"', '"40748.0"']
2011-02-27 11:07:07,540 INFO options.export Line:802 ['"648"', '"02"', '"13623.0"']
2011-02-27 11:07:07,540 INFO options.export Line:802 ['"649"', '"02"', '"40711.0"']
2011-02-27 11:07:07,541 INFO options.export Line:802 ['"650"', '"02"', '"20956.0"']
2011-02-27 11:07:07,541 INFO options.export Line:802 ['"651"', '"02"', '"26013.0"']
2011-02-27 11:07:07,541 INFO options.export Line:802 ['"652"', '"02"', '"39322.0"']
2011-02-27 11:07:07,541 INFO options.export Line:802 ['"653"', '"02"', '"14943.0"']
2011-02-27 11:07:07,541 INFO options.export Line:802 ['"654"', '"02"', '"41126.0"']
2011-02-27 11:07:07,542 INFO options.export Line:802 ['"655"', '"02"', '"11507.0"']
2011-02-27 11:07:07,542 INFO options.export Line:802 ['"656"', '"02"', '"8677.0"']
2011-02-27 11:07:07,542 INFO options.export Line:802 ['"657"', '"02"', '"21386.0"']
2011-02-27 11:07:07,542 INFO options.export Line:802 ['"658"', '"02"', '"5450.0"']
2011-02-27 11:07:07,543 INFO options.export Line:802 ['"659"', '"02"', '"14068.0"']
2011-02-27 11:07:07,543 INFO options.export Line:802 ['"660"', '"02"', '"27521.0"']
2011-02-27 11:07:07,543 INFO options.export Line:802 ['"661"', '"02"', '"29266.0"']
2011-02-27 11:07:07,543 INFO options.export Line:802 ['"662"', '"02"', '"48229.0"']
2011-02-27 11:07:07,543 INFO options.export Line:802 ['"663"', '"02"', '"11943.0"']
2011-02-27 11:07:07,544 INFO options.export Line:802 ['"664"', '"02"', '"27998.0"']
2011-02-27 11:07:07,544 INFO options.export Line:802 ['"665"', '"02"', '"40708.0"']
2011-02-27 11:07:07,544 INFO options.export Line:802 ['"666"', '"02"', '"25503.0"']
2011-02-27 11:07:07,544 INFO options.export Line:802 ['"667"', '"02"', '"47755.0"']
2011-02-27 11:07:07,544 INFO options.export Line:802 ['"668"', '"02"', '"9553.0"']
2011-02-27 11:07:07,545 INFO options.export Line:802 ['"669"', '"02"', '"34253.0"']
2011-02-27 11:07:07,545 INFO options.export Line:802 ['"670"', '"02"', '"39590.0"']
2011-02-27 11:07:07,545 INFO options.export Line:802 ['"671"', '"02"', '"49038.0"']
2011-02-27 11:07:07,545 INFO options.export Line:802 ['"672"', '"02"', '"40914.0"']
2011-02-27 11:07:07,546 INFO options.export Line:802 ['"673"', '"02"', '"5611.0"']
2011-02-27 11:07:07,546 INFO options.export Line:802 ['"674"', '"02"', '"47469.0"']
2011-02-27 11:07:07,546 INFO options.export Line:802 ['"675"', '"02"', '"5598.0"']
2011-02-27 11:07:07,547 INFO options.export Line:802 ['"676"', '"02"', '"39440.0"']
2011-02-27 11:07:07,547 INFO options.export Line:802 ['"677"', '"02"', '"43190.0"']
2011-02-27 11:07:07,548 INFO options.export Line:802 ['"678"', '"02"', '"20809.0"']
2011-02-27 11:07:07,548 INFO options.export Line:802 ['"679"', '"02"', '"5958.0"']
2011-02-27 11:07:07,548 INFO options.export Line:802 ['"680"', '"02"', '"15285.0"']
2011-02-27 11:07:07,548 INFO options.export Line:802 ['"681"', '"02"', '"11014.0"']
2011-02-27 11:07:07,549 INFO options.export Line:802 ['"682"', '"02"', '"32371.0"']
2011-02-27 11:07:07,549 INFO options.export Line:802 ['"683"', '"02"', '"21900.0"']
2011-02-27 11:07:07,549 INFO options.export Line:802 ['"684"', '"02"', '"22767.0"']
2011-02-27 11:07:07,549 INFO options.export Line:802 ['"685"', '"02"', '"2938.0"']
2011-02-27 11:07:07,549 INFO options.export Line:802 ['"686"', '"02"', '"28006.0"']
2011-02-27 11:07:07,550 INFO options.export Line:802 ['"687"', '"02"', '"12753.0"']
2011-02-27 11:07:07,550 INFO options.export Line:802 ['"688"', '"02"', '"36119.0"']
2011-02-27 11:07:07,550 INFO options.export Line:802 ['"689"', '"02"', '"23731.0"']
2011-02-27 11:07:07,551 INFO options.export Line:802 ['"690"', '"02"', '"48120.0"']
2011-02-27 11:07:07,551 INFO options.export Line:802 ['"691"', '"02"', '"35780.0"']
2011-02-27 11:07:07,551 INFO options.export Line:802 ['"692"', '"02"', '"11345.0"']
2011-02-27 11:07:07,552 INFO options.export Line:802 ['"693"', '"02"', '"3199.0"']
2011-02-27 11:07:07,552 INFO options.export Line:802 ['"694"', '"02"', '"16901.0"']
2011-02-27 11:07:07,552 INFO options.export Line:802 ['"695"', '"02"', '"49369.0"']
2011-02-27 11:07:07,552 INFO options.export Line:802 ['"696"', '"02"', '"6711.0"']
2011-02-27 11:07:07,553 INFO options.export Line:802 ['"697"', '"02"', '"45916.0"']
2011-02-27 11:07:07,553 INFO options.export Line:802 ['"698"', '"02"', '"39411.0"']
2011-02-27 11:07:07,553 INFO options.export Line:802 ['"699"', '"02"', '"38226.0"']
2011-02-27 11:07:07,553 INFO options.export Line:802 ['"700"', '"02"', '"3152.0"']
2011-02-27 11:07:07,557 INFO options.export Line:802 ['"701"', '"02"', '"44629.0"']
2011-02-27 11:07:07,557 INFO options.export Line:802 ['"702"', '"02"', '"9112.0"']
2011-02-27 11:07:07,558 INFO options.export Line:802 ['"703"', '"02"', '"38448.0"']
2011-02-27 11:07:07,558 INFO options.export Line:802 ['"704"', '"02"', '"41129.0"']
2011-02-27 11:07:07,558 INFO options.export Line:802 ['"705"', '"02"', '"49422.0"']
2011-02-27 11:07:07,558 INFO options.export Line:802 ['"706"', '"02"', '"37265.0"']
2011-02-27 11:07:07,559 INFO options.export Line:802 ['"707"', '"02"', '"29887.0"']
2011-02-27 11:07:07,559 INFO options.export Line:802 ['"708"', '"02"', '"27947.0"']
2011-02-27 11:07:07,560 INFO options.export Line:802 ['"709"', '"02"', '"5902.0"']
2011-02-27 11:07:07,560 INFO options.export Line:802 ['"710"', '"02"', '"13184.0"']
2011-02-27 11:07:07,560 INFO options.export Line:802 ['"711"', '"02"', '"39897.0"']
2011-02-27 11:07:07,560 INFO options.export Line:802 ['"712"', '"02"', '"15336.0"']
2011-02-27 11:07:07,560 INFO options.export Line:802 ['"713"', '"02"', '"2164.0"']
2011-02-27 11:07:07,561 INFO options.export Line:802 ['"714"', '"02"', '"12962.0"']
2011-02-27 11:07:07,561 INFO options.export Line:802 ['"715"', '"02"', '"21042.0"']
2011-02-27 11:07:07,561 INFO options.export Line:802 ['"716"', '"02"', '"45364.0"']
2011-02-27 11:07:07,561 INFO options.export Line:802 ['"717"', '"02"', '"28196.0"']
2011-02-27 11:07:07,562 INFO options.export Line:802 ['"718"', '"02"', '"22522.0"']
2011-02-27 11:07:07,562 INFO options.export Line:802 ['"719"', '"02"', '"30876.0"']
2011-02-27 11:07:07,562 INFO options.export Line:802 ['"720"', '"02"', '"17451.0"']
2011-02-27 11:07:07,562 INFO options.export Line:802 ['"721"', '"02"', '"20462.0"']
2011-02-27 11:07:07,563 INFO options.export Line:802 ['"722"', '"02"', '"33263.0"']
2011-02-27 11:07:07,563 INFO options.export Line:802 ['"723"', '"02"', '"14402.0"']
2011-02-27 11:07:07,564 INFO options.export Line:802 ['"724"', '"02"', '"3811.0"']
2011-02-27 11:07:07,564 INFO options.export Line:802 ['"725"', '"02"', '"45286.0"']
2011-02-27 11:07:07,564 INFO options.export Line:802 ['"726"', '"02"', '"24981.0"']
2011-02-27 11:07:07,564 INFO options.export Line:802 ['"727"', '"02"', '"39361.0"']
2011-02-27 11:07:07,565 INFO options.export Line:802 ['"728"', '"02"', '"36477.0"']
2011-02-27 11:07:07,565 INFO options.export Line:802 ['"729"', '"02"', '"34741.0"']
2011-02-27 11:07:07,565 INFO options.export Line:802 ['"730"', '"02"', '"39862.0"']
2011-02-27 11:07:07,565 INFO options.export Line:802 ['"731"', '"02"', '"23935.0"']
2011-02-27 11:07:07,565 INFO options.export Line:802 ['"732"', '"02"', '"43721.0"']
2011-02-27 11:07:07,566 INFO options.export Line:802 ['"733"', '"02"', '"28909.0"']
2011-02-27 11:07:07,566 INFO options.export Line:802 ['"734"', '"02"', '"15415.0"']
2011-02-27 11:07:07,566 INFO options.export Line:802 ['"735"', '"02"', '"35178.0"']
2011-02-27 11:07:07,567 INFO options.export Line:802 ['"736"', '"02"', '"44464.0"']
2011-02-27 11:07:07,567 INFO options.export Line:802 ['"737"', '"02"', '"3746.0"']
2011-02-27 11:07:07,568 INFO options.export Line:802 ['"738"', '"02"', '"24150.0"']
2011-02-27 11:07:07,568 INFO options.export Line:802 ['"739"', '"02"', '"9356.0"']
2011-02-27 11:07:07,568 INFO options.export Line:802 ['"740"', '"02"', '"44150.0"']
2011-02-27 11:07:07,568 INFO options.export Line:802 ['"741"', '"02"', '"27555.0"']
2011-02-27 11:07:07,568 INFO options.export Line:802 ['"742"', '"02"', '"27713.0"']
2011-02-27 11:07:07,569 INFO options.export Line:802 ['"743"', '"02"', '"40449.0"']
2011-02-27 11:07:07,569 INFO options.export Line:802 ['"744"', '"02"', '"16887.0"']
2011-02-27 11:07:07,569 INFO options.export Line:802 ['"745"', '"02"', '"21438.0"']
2011-02-27 11:07:07,569 INFO options.export Line:802 ['"746"', '"02"', '"34949.0"']
2011-02-27 11:07:07,570 INFO options.export Line:802 ['"747"', '"02"', '"25640.0"']
2011-02-27 11:07:07,570 INFO options.export Line:802 ['"748"', '"02"', '"21232.0"']
2011-02-27 11:07:07,570 INFO options.export Line:802 ['"749"', '"02"', '"16254.0"']
2011-02-27 11:07:07,570 INFO options.export Line:802 ['"750"', '"02"', '"49934.0"']
2011-02-27 11:07:07,570 INFO options.export Line:802 ['"751"', '"02"', '"8215.0"']
2011-02-27 11:07:07,571 INFO options.export Line:802 ['"752"', '"02"', '"27016.0"']
2011-02-27 11:07:07,571 INFO options.export Line:802 ['"753"', '"02"', '"34596.0"']
2011-02-27 11:07:07,571 INFO options.export Line:802 ['"754"', '"02"', '"47810.0"']
2011-02-27 11:07:07,571 INFO options.export Line:802 ['"755"', '"02"', '"35943.0"']
2011-02-27 11:07:07,572 INFO options.export Line:802 ['"756"', '"02"', '"38430.0"']
2011-02-27 11:07:07,572 INFO options.export Line:802 ['"757"', '"02"', '"29892.0"']
2011-02-27 11:07:07,572 INFO options.export Line:802 ['"758"', '"02"', '"24283.0"']
2011-02-27 11:07:07,572 INFO options.export Line:802 ['"759"', '"02"', '"10175.0"']
2011-02-27 11:07:07,572 INFO options.export Line:802 ['"760"', '"02"', '"18678.0"']
2011-02-27 11:07:07,573 INFO options.export Line:802 ['"761"', '"02"', '"42872.0"']
2011-02-27 11:07:07,573 INFO options.export Line:802 ['"762"', '"02"', '"23047.0"']
2011-02-27 11:07:07,573 INFO options.export Line:802 ['"763"', '"02"', '"44600.0"']
2011-02-27 11:07:07,582 INFO options.export Line:802 ['"764"', '"02"', '"38680.0"']
2011-02-27 11:07:07,582 INFO options.export Line:802 ['"765"', '"02"', '"31002.0"']
2011-02-27 11:07:07,583 INFO options.export Line:802 ['"766"', '"02"', '"29339.0"']
2011-02-27 11:07:07,583 INFO options.export Line:802 ['"767"', '"02"', '"14457.0"']
2011-02-27 11:07:07,583 INFO options.export Line:802 ['"768"', '"02"', '"30497.0"']
2011-02-27 11:07:07,583 INFO options.export Line:802 ['"769"', '"02"', '"9485.0"']
2011-02-27 11:07:07,584 INFO options.export Line:802 ['"770"', '"02"', '"7186.0"']
2011-02-27 11:07:07,584 INFO options.export Line:802 ['"771"', '"02"', '"49379.0"']
2011-02-27 11:07:07,584 INFO options.export Line:802 ['"772"', '"02"', '"45895.0"']
2011-02-27 11:07:07,584 INFO options.export Line:802 ['"773"', '"02"', '"14411.0"']
2011-02-27 11:07:07,584 INFO options.export Line:802 ['"774"', '"02"', '"46447.0"']
2011-02-27 11:07:07,585 INFO options.export Line:802 ['"775"', '"02"', '"35847.0"']
2011-02-27 11:07:07,585 INFO options.export Line:802 ['"776"', '"02"', '"43430.0"']
2011-02-27 11:07:07,585 INFO options.export Line:802 ['"777"', '"02"', '"10048.0"']
2011-02-27 11:07:07,585 INFO options.export Line:802 ['"778"', '"02"', '"28064.0"']
2011-02-27 11:07:07,586 INFO options.export Line:802 ['"779"', '"02"', '"3133.0"']
2011-02-27 11:07:07,586 INFO options.export Line:802 ['"780"', '"02"', '"8814.0"']
2011-02-27 11:07:07,586 INFO options.export Line:802 ['"781"', '"02"', '"35611.0"']
2011-02-27 11:07:07,586 INFO options.export Line:802 ['"782"', '"02"', '"19075.0"']
2011-02-27 11:07:07,586 INFO options.export Line:802 ['"783"', '"02"', '"23981.0"']
2011-02-27 11:07:07,590 INFO options.export Line:802 ['"784"', '"02"', '"20992.0"']
2011-02-27 11:07:07,590 INFO options.export Line:802 ['"785"', '"02"', '"9547.0"']
2011-02-27 11:07:07,590 INFO options.export Line:802 ['"786"', '"02"', '"44459.0"']
2011-02-27 11:07:07,591 INFO options.export Line:802 ['"787"', '"02"', '"32266.0"']
2011-02-27 11:07:07,591 INFO options.export Line:802 ['"788"', '"02"', '"47335.0"']
2011-02-27 11:07:07,591 INFO options.export Line:802 ['"789"', '"02"', '"26945.0"']
2011-02-27 11:07:07,592 INFO options.export Line:802 ['"790"', '"02"', '"5638.0"']
2011-02-27 11:07:07,592 INFO options.export Line:802 ['"791"', '"02"', '"7692.0"']
2011-02-27 11:07:07,592 INFO options.export Line:802 ['"792"', '"02"', '"20024.0"']
2011-02-27 11:07:07,592 INFO options.export Line:802 ['"793"', '"02"', '"38509.0"']
2011-02-27 11:07:07,592 INFO options.export Line:802 ['"794"', '"02"', '"22126.0"']
2011-02-27 11:07:07,593 INFO options.export Line:802 ['"795"', '"02"', '"36123.0"']
2011-02-27 11:07:07,593 INFO options.export Line:802 ['"796"', '"02"', '"8533.0"']
2011-02-27 11:07:07,594 INFO options.export Line:802 ['"797"', '"02"', '"29954.0"']
2011-02-27 11:07:07,594 INFO options.export Line:802 ['"798"', '"02"', '"20762.0"']
2011-02-27 11:07:07,594 INFO options.export Line:802 ['"799"', '"02"', '"6505.0"']
2011-02-27 11:07:07,594 INFO options.export Line:802 ['"800"', '"02"', '"14986.0"']
2011-02-27 11:07:07,598 INFO options.export Line:802 ['"801"', '"02"', '"27851.0"']
2011-02-27 11:07:07,598 INFO options.export Line:802 ['"802"', '"02"', '"8742.0"']
2011-02-27 11:07:07,598 INFO options.export Line:802 ['"803"', '"02"', '"35413.0"']
2011-02-27 11:07:07,599 INFO options.export Line:802 ['"804"', '"02"', '"17941.0"']
2011-02-27 11:07:07,599 INFO options.export Line:802 ['"805"', '"02"', '"33391.0"']
2011-02-27 11:07:07,599 INFO options.export Line:802 ['"806"', '"02"', '"2489.0"']
2011-02-27 11:07:07,600 INFO options.export Line:802 ['"807"', '"02"', '"42714.0"']
2011-02-27 11:07:07,600 INFO options.export Line:802 ['"808"', '"02"', '"49037.0"']
2011-02-27 11:07:07,600 INFO options.export Line:802 ['"809"', '"02"', '"30268.0"']
2011-02-27 11:07:07,600 INFO options.export Line:802 ['"810"', '"02"', '"23350.0"']
2011-02-27 11:07:07,600 INFO options.export Line:802 ['"811"', '"02"', '"22837.0"']
2011-02-27 11:07:07,601 INFO options.export Line:802 ['"812"', '"02"', '"24790.0"']
2011-02-27 11:07:07,601 INFO options.export Line:802 ['"813"', '"02"', '"42652.0"']
2011-02-27 11:07:07,601 INFO options.export Line:802 ['"814"', '"02"', '"21635.0"']
2011-02-27 11:07:07,601 INFO options.export Line:802 ['"815"', '"02"', '"3970.0"']
2011-02-27 11:07:07,601 INFO options.export Line:802 ['"816"', '"02"', '"13498.0"']
2011-02-27 11:07:07,602 INFO options.export Line:802 ['"817"', '"02"', '"44951.0"']
2011-02-27 11:07:07,602 INFO options.export Line:802 ['"818"', '"02"', '"13503.0"']
2011-02-27 11:07:07,602 INFO options.export Line:802 ['"819"', '"02"', '"15614.0"']
2011-02-27 11:07:07,602 INFO options.export Line:802 ['"820"', '"02"', '"2516.0"']
2011-02-27 11:07:07,603 INFO options.export Line:802 ['"821"', '"02"', '"8540.0"']
2011-02-27 11:07:07,603 INFO options.export Line:802 ['"822"', '"02"', '"18438.0"']
2011-02-27 11:07:07,603 INFO options.export Line:802 ['"823"', '"02"', '"40692.0"']
2011-02-27 11:07:07,603 INFO options.export Line:802 ['"824"', '"02"', '"27654.0"']
2011-02-27 11:07:07,604 INFO options.export Line:802 ['"825"', '"02"', '"23921.0"']
2011-02-27 11:07:07,604 INFO options.export Line:802 ['"826"', '"02"', '"17545.0"']
2011-02-27 11:07:07,604 INFO options.export Line:802 ['"827"', '"02"', '"48811.0"']
2011-02-27 11:07:07,604 INFO options.export Line:802 ['"828"', '"02"', '"47031.0"']
2011-02-27 11:07:07,604 INFO options.export Line:802 ['"829"', '"02"', '"28148.0"']
2011-02-27 11:07:07,605 INFO options.export Line:802 ['"830"', '"02"', '"22262.0"']
2011-02-27 11:07:07,605 INFO options.export Line:802 ['"831"', '"02"', '"23635.0"']
2011-02-27 11:07:07,605 INFO options.export Line:802 ['"832"', '"02"', '"9530.0"']
2011-02-27 11:07:07,605 INFO options.export Line:802 ['"833"', '"02"', '"7732.0"']
2011-02-27 11:07:07,605 INFO options.export Line:802 ['"834"', '"02"', '"32180.0"']
2011-02-27 11:07:07,606 INFO options.export Line:802 ['"835"', '"02"', '"37099.0"']
2011-02-27 11:07:07,606 INFO options.export Line:802 ['"836"', '"02"', '"42379.0"']
2011-02-27 11:07:07,606 INFO options.export Line:802 ['"837"', '"02"', '"12666.0"']
2011-02-27 11:07:07,606 INFO options.export Line:802 ['"838"', '"02"', '"18124.0"']
2011-02-27 11:07:07,607 INFO options.export Line:802 ['"839"', '"02"', '"8878.0"']
2011-02-27 11:07:07,607 INFO options.export Line:802 ['"840"', '"02"', '"14142.0"']
2011-02-27 11:07:07,607 INFO options.export Line:802 ['"841"', '"02"', '"37328.0"']
2011-02-27 11:07:07,608 INFO options.export Line:802 ['"842"', '"02"', '"31691.0"']
2011-02-27 11:07:07,608 INFO options.export Line:802 ['"843"', '"02"', '"46978.0"']
2011-02-27 11:07:07,608 INFO options.export Line:802 ['"844"', '"02"', '"35515.0"']
2011-02-27 11:07:07,608 INFO options.export Line:802 ['"845"', '"02"', '"11090.0"']
2011-02-27 11:07:07,609 INFO options.export Line:802 ['"846"', '"02"', '"23931.0"']
2011-02-27 11:07:07,609 INFO options.export Line:802 ['"847"', '"02"', '"35999.0"']
2011-02-27 11:07:07,609 INFO options.export Line:802 ['"848"', '"02"', '"10390.0"']
2011-02-27 11:07:07,609 INFO options.export Line:802 ['"849"', '"02"', '"47558.0"']
2011-02-27 11:07:07,609 INFO options.export Line:802 ['"850"', '"02"', '"17743.0"']
2011-02-27 11:07:07,610 INFO options.export Line:802 ['"851"', '"02"', '"5469.0"']
2011-02-27 11:07:07,610 INFO options.export Line:802 ['"852"', '"02"', '"47876.0"']
2011-02-27 11:07:07,610 INFO options.export Line:802 ['"853"', '"02"', '"5486.0"']
2011-02-27 11:07:07,610 INFO options.export Line:802 ['"854"', '"02"', '"40675.0"']
2011-02-27 11:07:07,610 INFO options.export Line:802 ['"855"', '"02"', '"10194.0"']
2011-02-27 11:07:07,611 INFO options.export Line:802 ['"856"', '"02"', '"33631.0"']
2011-02-27 11:07:07,611 INFO options.export Line:802 ['"857"', '"02"', '"4213.0"']
2011-02-27 11:07:07,611 INFO options.export Line:802 ['"858"', '"02"', '"26933.0"']
2011-02-27 11:07:07,611 INFO options.export Line:802 ['"859"', '"02"', '"18001.0"']
2011-02-27 11:07:07,612 INFO options.export Line:802 ['"860"', '"02"', '"24330.0"']
2011-02-27 11:07:07,612 INFO options.export Line:802 ['"861"', '"02"', '"44191.0"']
2011-02-27 11:07:07,612 INFO options.export Line:802 ['"862"', '"02"', '"45582.0"']
2011-02-27 11:07:07,612 INFO options.export Line:802 ['"863"', '"02"', '"16573.0"']
2011-02-27 11:07:07,612 INFO options.export Line:802 ['"864"', '"02"', '"35236.0"']
2011-02-27 11:07:07,613 INFO options.export Line:802 ['"865"', '"02"', '"43527.0"']
2011-02-27 11:07:07,613 INFO options.export Line:802 ['"866"', '"02"', '"39797.0"']
2011-02-27 11:07:07,613 INFO options.export Line:802 ['"867"', '"02"', '"26257.0"']
2011-02-27 11:07:07,613 INFO options.export Line:802 ['"868"', '"02"', '"2387.0"']
2011-02-27 11:07:07,614 INFO options.export Line:802 ['"869"', '"02"', '"12545.0"']
2011-02-27 11:07:07,614 INFO options.export Line:802 ['"870"', '"02"', '"26429.0"']
2011-02-27 11:07:07,614 INFO options.export Line:802 ['"871"', '"02"', '"7692.0"']
2011-02-27 11:07:07,614 INFO options.export Line:802 ['"872"', '"02"', '"3526.0"']
2011-02-27 11:07:07,615 INFO options.export Line:802 ['"873"', '"02"', '"17198.0"']
2011-02-27 11:07:07,615 INFO options.export Line:802 ['"874"', '"02"', '"23113.0"']
2011-02-27 11:07:07,615 INFO options.export Line:802 ['"875"', '"02"', '"20387.0"']
2011-02-27 11:07:07,616 INFO options.export Line:802 ['"876"', '"02"', '"9760.0"']
2011-02-27 11:07:07,616 INFO options.export Line:802 ['"877"', '"02"', '"9521.0"']
2011-02-27 11:07:07,616 INFO options.export Line:802 ['"878"', '"02"', '"16310.0"']
2011-02-27 11:07:07,616 INFO options.export Line:802 ['"879"', '"02"', '"48851.0"']
2011-02-27 11:07:07,616 INFO options.export Line:802 ['"880"', '"02"', '"39081.0"']
2011-02-27 11:07:07,617 INFO options.export Line:802 ['"881"', '"02"', '"3547.0"']
2011-02-27 11:07:07,617 INFO options.export Line:802 ['"882"', '"02"', '"26945.0"']
2011-02-27 11:07:07,617 INFO options.export Line:802 ['"883"', '"02"', '"35599.0"']
2011-02-27 11:07:07,617 INFO options.export Line:802 ['"884"', '"02"', '"4160.0"']
2011-02-27 11:07:07,618 INFO options.export Line:802 ['"885"', '"02"', '"28889.0"']
2011-02-27 11:07:07,618 INFO options.export Line:802 ['"886"', '"02"', '"12818.0"']
2011-02-27 11:07:07,618 INFO options.export Line:802 ['"887"', '"02"', '"43073.0"']
2011-02-27 11:07:07,618 INFO options.export Line:802 ['"888"', '"02"', '"49163.0"']
2011-02-27 11:07:07,618 INFO options.export Line:802 ['"889"', '"02"', '"34511.0"']
2011-02-27 11:07:07,619 INFO options.export Line:802 ['"890"', '"02"', '"15138.0"']
2011-02-27 11:07:07,619 INFO options.export Line:802 ['"891"', '"02"', '"23626.0"']
2011-02-27 11:07:07,619 INFO options.export Line:802 ['"892"', '"02"', '"33917.0"']
2011-02-27 11:07:07,619 INFO options.export Line:802 ['"893"', '"02"', '"15073.0"']
2011-02-27 11:07:07,620 INFO options.export Line:802 ['"894"', '"02"', '"31262.0"']
2011-02-27 11:07:07,620 INFO options.export Line:802 ['"895"', '"02"', '"45477.0"']
2011-02-27 11:07:07,620 INFO options.export Line:802 ['"896"', '"02"', '"24509.0"']
2011-02-27 11:07:07,620 INFO options.export Line:802 ['"897"', '"02"', '"26809.0"']
2011-02-27 11:07:07,621 INFO options.export Line:802 ['"898"', '"02"', '"31578.0"']
2011-02-27 11:07:07,621 INFO options.export Line:802 ['"899"', '"02"', '"21983.0"']
2011-02-27 11:07:07,621 INFO options.export Line:802 ['"900"', '"02"', '"31470.0"']
2011-02-27 11:07:07,624 INFO options.export Line:802 ['"901"', '"02"', '"46061.0"']
2011-02-27 11:07:07,625 INFO options.export Line:802 ['"902"', '"02"', '"30852.0"']
2011-02-27 11:07:07,625 INFO options.export Line:802 ['"903"', '"02"', '"15427.0"']
2011-02-27 11:07:07,625 INFO options.export Line:802 ['"904"', '"02"', '"37114.0"']
2011-02-27 11:07:07,626 INFO options.export Line:802 ['"905"', '"02"', '"20270.0"']
2011-02-27 11:07:07,626 INFO options.export Line:802 ['"906"', '"02"', '"4820.0"']
2011-02-27 11:07:07,626 INFO options.export Line:802 ['"907"', '"02"', '"49077.0"']
2011-02-27 11:07:07,626 INFO options.export Line:802 ['"908"', '"02"', '"45783.0"']
2011-02-27 11:07:07,626 INFO options.export Line:802 ['"909"', '"02"', '"30824.0"']
2011-02-27 11:07:07,627 INFO options.export Line:802 ['"910"', '"02"', '"27916.0"']
2011-02-27 11:07:07,627 INFO options.export Line:802 ['"911"', '"02"', '"49665.0"']
2011-02-27 11:07:07,627 INFO options.export Line:802 ['"912"', '"02"', '"47376.0"']
2011-02-27 11:07:07,627 INFO options.export Line:802 ['"913"', '"02"', '"35168.0"']
2011-02-27 11:07:07,628 INFO options.export Line:802 ['"914"', '"02"', '"14369.0"']
2011-02-27 11:07:07,628 INFO options.export Line:802 ['"915"', '"02"', '"27156.0"']
2011-02-27 11:07:07,628 INFO options.export Line:802 ['"916"', '"02"', '"10910.0"']
2011-02-27 11:07:07,628 INFO options.export Line:802 ['"917"', '"02"', '"49114.0"']
2011-02-27 11:07:07,628 INFO options.export Line:802 ['"918"', '"02"', '"24009.0"']
2011-02-27 11:07:07,629 INFO options.export Line:802 ['"919"', '"02"', '"30370.0"']
2011-02-27 11:07:07,629 INFO options.export Line:802 ['"920"', '"02"', '"9161.0"']
2011-02-27 11:07:07,629 INFO options.export Line:802 ['"921"', '"02"', '"35134.0"']
2011-02-27 11:07:07,629 INFO options.export Line:802 ['"922"', '"02"', '"27325.0"']
2011-02-27 11:07:07,630 INFO options.export Line:802 ['"923"', '"02"', '"3641.0"']
2011-02-27 11:07:07,630 INFO options.export Line:802 ['"924"', '"02"', '"32596.0"']
2011-02-27 11:07:07,630 INFO options.export Line:802 ['"925"', '"02"', '"6764.0"']
2011-02-27 11:07:07,630 INFO options.export Line:802 ['"926"', '"02"', '"29654.0"']
2011-02-27 11:07:07,631 INFO options.export Line:802 ['"927"', '"02"', '"34936.0"']
2011-02-27 11:07:07,631 INFO options.export Line:802 ['"928"', '"02"', '"21501.0"']
2011-02-27 11:07:07,631 INFO options.export Line:802 ['"929"', '"02"', '"38401.0"']
2011-02-27 11:07:07,631 INFO options.export Line:802 ['"930"', '"02"', '"35997.0"']
2011-02-27 11:07:07,632 INFO options.export Line:802 ['"931"', '"02"', '"20943.0"']
2011-02-27 11:07:07,632 INFO options.export Line:802 ['"932"', '"02"', '"35467.0"']
2011-02-27 11:07:07,632 INFO options.export Line:802 ['"933"', '"02"', '"5670.0"']
2011-02-27 11:07:07,632 INFO options.export Line:802 ['"934"', '"02"', '"22326.0"']
2011-02-27 11:07:07,633 INFO options.export Line:802 ['"935"', '"02"', '"49145.0"']
2011-02-27 11:07:07,633 INFO options.export Line:802 ['"936"', '"02"', '"6407.0"']
2011-02-27 11:07:07,633 INFO options.export Line:802 ['"937"', '"02"', '"7953.0"']
2011-02-27 11:07:07,633 INFO options.export Line:802 ['"938"', '"02"', '"38090.0"']
2011-02-27 11:07:07,633 INFO options.export Line:802 ['"939"', '"02"', '"43543.0"']
2011-02-27 11:07:07,634 INFO options.export Line:802 ['"940"', '"02"', '"30345.0"']
2011-02-27 11:07:07,634 INFO options.export Line:802 ['"941"', '"02"', '"34133.0"']
2011-02-27 11:07:07,634 INFO options.export Line:802 ['"942"', '"02"', '"18831.0"']
2011-02-27 11:07:07,634 INFO options.export Line:802 ['"943"', '"02"', '"36586.0"']
2011-02-27 11:07:07,635 INFO options.export Line:802 ['"944"', '"02"', '"38146.0"']
2011-02-27 11:07:07,635 INFO options.export Line:802 ['"945"', '"02"', '"12229.0"']
2011-02-27 11:07:07,635 INFO options.export Line:802 ['"946"', '"02"', '"45866.0"']
2011-02-27 11:07:07,635 INFO options.export Line:802 ['"947"', '"02"', '"32419.0"']
2011-02-27 11:07:07,635 INFO options.export Line:802 ['"948"', '"02"', '"22786.0"']
2011-02-27 11:07:07,636 INFO options.export Line:802 ['"949"', '"02"', '"23760.0"']
2011-02-27 11:07:07,636 INFO options.export Line:802 ['"950"', '"02"', '"40784.0"']
2011-02-27 11:07:07,636 INFO options.export Line:802 ['"951"', '"02"', '"34637.0"']
2011-02-27 11:07:07,636 INFO options.export Line:802 ['"952"', '"02"', '"33558.0"']
2011-02-27 11:07:07,636 INFO options.export Line:802 ['"953"', '"02"', '"46480.0"']
2011-02-27 11:07:07,637 INFO options.export Line:802 ['"954"', '"02"', '"20672.0"']
2011-02-27 11:07:07,637 INFO options.export Line:802 ['"955"', '"02"', '"36687.0"']
2011-02-27 11:07:07,637 INFO options.export Line:802 ['"956"', '"02"', '"33993.0"']
2011-02-27 11:07:07,637 INFO options.export Line:802 ['"957"', '"02"', '"48800.0"']
2011-02-27 11:07:07,638 INFO options.export Line:802 ['"958"', '"02"', '"37729.0"']
2011-02-27 11:07:07,638 INFO options.export Line:802 ['"959"', '"02"', '"41049.0"']
2011-02-27 11:07:07,638 INFO options.export Line:802 ['"960"', '"02"', '"2134.0"']
2011-02-27 11:07:07,638 INFO options.export Line:802 ['"961"', '"02"', '"16425.0"']
2011-02-27 11:07:07,639 INFO options.export Line:802 ['"962"', '"02"', '"9838.0"']
2011-02-27 11:07:07,639 INFO options.export Line:802 ['"963"', '"02"', '"30705.0"']
2011-02-27 11:07:07,639 INFO options.export Line:802 ['"964"', '"02"', '"31550.0"']
2011-02-27 11:07:07,640 INFO options.export Line:802 ['"965"', '"02"', '"8185.0"']
2011-02-27 11:07:07,640 INFO options.export Line:802 ['"966"', '"02"', '"35298.0"']
2011-02-27 11:07:07,640 INFO options.export Line:802 ['"967"', '"02"', '"27867.0"']
2011-02-27 11:07:07,640 INFO options.export Line:802 ['"968"', '"02"', '"37098.0"']
2011-02-27 11:07:07,641 INFO options.export Line:802 ['"969"', '"02"', '"35648.0"']
2011-02-27 11:07:07,641 INFO options.export Line:802 ['"970"', '"02"', '"39044.0"']
2011-02-27 11:07:07,641 INFO options.export Line:802 ['"971"', '"02"', '"37371.0"']
2011-02-27 11:07:07,641 INFO options.export Line:802 ['"972"', '"02"', '"15353.0"']
2011-02-27 11:07:07,641 INFO options.export Line:802 ['"973"', '"02"', '"46309.0"']
2011-02-27 11:07:07,642 INFO options.export Line:802 ['"974"', '"02"', '"14323.0"']
2011-02-27 11:07:07,642 INFO options.export Line:802 ['"975"', '"02"', '"7076.0"']
2011-02-27 11:07:07,642 INFO options.export Line:802 ['"976"', '"02"', '"26711.0"']
2011-02-27 11:07:07,642 INFO options.export Line:802 ['"977"', '"02"', '"25783.0"']
2011-02-27 11:07:07,642 INFO options.export Line:802 ['"978"', '"02"', '"2946.0"']
2011-02-27 11:07:07,643 INFO options.export Line:802 ['"979"', '"02"', '"11462.0"']
2011-02-27 11:07:07,643 INFO options.export Line:802 ['"980"', '"02"', '"24574.0"']
2011-02-27 11:07:07,643 INFO options.export Line:802 ['"981"', '"02"', '"27152.0"']
2011-02-27 11:07:07,643 INFO options.export Line:802 ['"982"', '"02"', '"39939.0"']
2011-02-27 11:07:07,644 INFO options.export Line:802 ['"983"', '"02"', '"48066.0"']
2011-02-27 11:07:07,644 INFO options.export Line:802 ['"984"', '"02"', '"11258.0"']
2011-02-27 11:07:07,644 INFO options.export Line:802 ['"985"', '"02"', '"24391.0"']
2011-02-27 11:07:07,644 INFO options.export Line:802 ['"986"', '"02"', '"35645.0"']
2011-02-27 11:07:07,644 INFO options.export Line:802 ['"987"', '"02"', '"43335.0"']
2011-02-27 11:07:07,645 INFO options.export Line:802 ['"988"', '"02"', '"2264.0"']
2011-02-27 11:07:07,645 INFO options.export Line:802 ['"989"', '"02"', '"29783.0"']
2011-02-27 11:07:07,645 INFO options.export Line:802 ['"990"', '"02"', '"8955.0"']
2011-02-27 11:07:07,645 INFO options.export Line:802 ['"991"', '"02"', '"43373.0"']
2011-02-27 11:07:07,646 INFO options.export Line:802 ['"992"', '"02"', '"20819.0"']
2011-02-27 11:07:07,646 INFO options.export Line:802 ['"993"', '"02"', '"10999.0"']
2011-02-27 11:07:07,646 INFO options.export Line:802 ['"994"', '"02"', '"14024.0"']
2011-02-27 11:07:07,646 INFO options.export Line:802 ['"995"', '"02"', '"10314.0"']
2011-02-27 11:07:07,647 INFO options.export Line:802 ['"996"', '"02"', '"39347.0"']
2011-02-27 11:07:07,647 INFO options.export Line:802 ['"997"', '"02"', '"2684.0"']
2011-02-27 11:07:07,648 INFO options.export Line:802 ['"998"', '"02"', '"47372.0"']
2011-02-27 11:07:07,648 INFO options.export Line:802 ['"999"', '"02"', '"5847.0"']
2011-02-27 11:07:07,648 INFO options.export Line:802 ['"1000"', '"02"', '"47913.0"']
2011-02-27 11:26:22,915 INFO options.aggregate Line:813 <QueryDict: {u'action': [u'sum'], u'field': [u'id'], u'csrfmiddlewaretoken': [u'85505bba85f9359878a2d5d48c2acc41'], u'start_id': [u''], u'end_id': [u'']}>
2011-02-27 11:26:22,915 INFO options.aggregate Line:816 
2011-02-27 11:26:22,915 INFO options.aggregate Line:817 True
2011-02-27 11:26:22,916 INFO options.aggregate Line:824 id
